"IMPORTANT FILOGENETIC" LINES from 0-th step to global "end of life" in 307-th step
MODEL PARAMETERS:
ROZMIAR=	300x150
MAPA=	
WYPOSAZENIE_POTOMSTWA=	0.05
EFEKTYWNOSC_AUTOTROFA=	0.5
MAX_WIEK=	50
PLODNOSC=	0.2
RTG=	0.000625
PRAWDOPODOBIENSTWO KATASTROF=	0(disabled)
EKSPLOATACJA=	DRAPIEZNICZA
DYSTANS RUCHU=	1
BIT_STABILIZACJI_RUCHU=	1024
ELASTYCZNE MIJANIE=	YES
MONTECARLO STEPS per STEP=	10

FULLCODE	ORDNUMBER	ANCORDNUM	BEGSTEP	ENDSTEP	LIFETIME	CURRAGENTS	ALLAGENTS	FEEDNISHE	DEFFNISHE	FEEDSPEC	DEFFSPEC	SPECJALIS	NISHENAME
ffff_1	1	1	0	141	141	0	119521	255	255	8	8	16	ffff	
bfff_3	3	1	9	97	88	0	2271	191	255	7	8	15	bfff	
bdff_158	344	3	37	72	35	0	146	189	255	6	8	14	bdff	
ffbf_5	5	1	11	48	37	0	218	255	191	8	7	15	ffbf	
dfff_7	7	1	13	69	56	0	396	223	255	7	8	15	dfff	
f7ff_a	10	1	14	99	85	0	1146	247	255	7	8	15	f7ff	
ff7f_b	11	1	15	136	121	0	4573	255	127	8	7	15	ff7f	
ff7b_1fc	508	11	42	107	65	0	530	255	123	8	6	14	ff7b	
ff7a_96d	2413	508	75	110	35	0	189	255	122	8	5	13	ff7a	
7f7f_62e	1582	11	64	149	85	0	1852	127	127	7	7	14	7f7f	
7f3f_d6a	3434	1582	87	194	107	0	823	127	63	7	6	13	7f3f	
7b3f_1d90	7568	3434	136	140	4	0	7	123	63	6	6	12	7b3f	
7f37_2aa0	10912	3434	170	205	35	0	137	127	55	7	5	12	7f37	
7f7e_f8b	3979	1582	93	136	43	0	629	127	126	7	6	13	7f7e	
7f7d_13ae	5038	1582	104	106	2	0	3	127	125	7	6	13	7f7d	
ff6f_862	2146	11	72	118	46	0	251	255	111	8	6	14	ff6f	
7f7f_c6a	3178	11	84	265	181	0	11563	127	127	7	7	14	7f7f	
7f5f_151b	5403	3178	109	142	33	0	145	127	95	7	6	13	7f5f	
775f_1984	6532	5403	123	126	3	0	1	119	95	6	6	12	775f	
7f77_2162	8546	3178	147	188	41	0	168	127	119	7	6	13	7f77	
7f77_260e	9742	3178	159	160	1	0	1	127	119	7	6	13	7f77	
7f77_2715	10005	3178	161	227	66	0	540	127	119	7	6	13	7f77	
ff7e_d32	3378	11	86	191	105	0	720	255	126	8	6	14	ff7e	
ff7d_ff0	4080	11	94	127	33	0	107	255	125	8	6	14	ff7d	
fbff_c	12	1	15	53	38	0	312	251	255	7	8	15	fbff	
bfff_e	14	1	16	60	44	0	393	191	255	7	8	15	bfff	
fbff_f	15	1	16	103	87	0	2111	251	255	7	8	15	fbff	
bbff_db	219	15	33	73	40	0	130	187	255	6	8	14	bbff	
fbf7_f9	249	15	34	52	18	0	74	251	247	7	7	14	fbf7	
fbfe_40e	1038	15	54	83	29	0	144	251	254	7	7	14	fbfe	
dbfe_925	2341	1038	74	81	7	0	7	219	254	6	7	13	dbfe	
feff_13	19	1	17	107	90	0	2589	254	255	7	8	15	feff	
febf_1a4	420	19	39	85	46	0	189	254	191	7	7	14	febf	
fefe_488	1160	19	57	73	16	0	52	254	254	7	7	14	fefe	
7eff_704	1796	19	67	103	36	0	104	126	255	6	8	14	7eff	
7eff_763	1891	19	68	108	40	0	138	126	255	6	8	14	7eff	
f7ff_15	21	1	18	119	101	0	1107	247	255	7	8	15	f7ff	
f7fe_301	769	21	49	52	3	0	5	247	254	7	7	14	f7fe	
feff_18	24	1	19	53	34	0	193	254	255	7	8	15	feff	
7fff_1f	31	1	21	39	18	0	99	127	255	7	8	15	7fff	
ffbf_20	32	1	22	114	92	0	1056	255	191	8	7	15	ffbf	
7fbf_b96	2966	32	81	114	33	0	270	127	191	7	7	14	7fbf	
ffdf_22	34	1	22	30	8	0	7	255	223	8	7	15	ffdf	
ffbf_2e	46	1	23	113	90	0	1322	255	191	8	7	15	ffbf	
fdff_33	51	1	23	67	44	0	315	253	255	7	8	15	fdff	
7fff_39	57	1	24	139	115	0	2168	127	255	7	8	15	7fff	
ff7f_3e	62	1	24	46	22	0	44	255	127	8	7	15	ff7f	
ff77_53	83	62	25	166	141	0	17409	255	119	8	6	14	ff77	
ef77_3a4	932	83	52	91	39	0	171	239	119	7	6	13	ef77	
ff73_8ac	2220	83	72	79	7	0	11	255	115	8	5	13	ff73	
ff57_8b5	2229	83	73	244	171	0	3196	255	87	8	5	13	ff57	
f777_93d	2365	83	74	115	41	0	161	247	119	7	6	13	f777	
fe77_ac2	2754	83	79	125	46	0	379	254	119	7	6	13	fe77	
ff76_cd0	3280	83	85	99	14	0	63	255	118	8	5	13	ff76	
7f76_e88	3720	3280	90	144	54	0	522	127	118	7	5	12	7f76	
5f76_1219	4633	3720	100	114	14	0	53	95	118	6	5	11	5f76	
ff57_d7b	3451	83	87	214	127	0	1465	255	87	8	5	13	ff57	
7f77_dec	3564	83	88	180	92	0	620	127	119	7	6	13	7f77	
7f77_ef4	3828	83	91	92	1	0	1	127	119	7	6	13	7f77	
df77_10bc	4284	83	96	97	1	0	1	223	119	7	6	13	df77	
ef77_123b	4667	83	101	105	4	0	4	239	119	7	6	13	ef77	
7f77_1268	4712	83	101	103	2	0	2	127	119	7	6	13	7f77	
ff37_1281	4737	83	101	302	201	0	4331	255	55	8	5	13	ff37	
ff35_32bd	12989	4737	187	211	24	0	112	255	53	8	4	12	ff35	
7f37_3d5a	15706	4737	209	212	3	0	3	127	55	7	5	12	7f37	
ef37_3eb4	16052	4737	212	221	9	0	2	239	55	7	5	12	ef37	
ff73_16be	5822	83	114	193	79	0	757	255	115	8	5	13	ff73	
ff7f_3f	63	1	24	180	156	0	72618	255	127	8	7	15	ff7f	
f77f_a6	166	63	30	96	66	0	921	247	127	7	7	14	f77f	
7f7f_276	630	63	45	177	132	0	3135	127	127	7	7	14	7f7f	
7f5f_924	2340	630	74	248	174	0	3494	127	95	7	6	13	7f5f	
7f57_1b08	6920	2340	128	252	124	0	2626	127	87	7	5	12	7f57	
3f57_3780	14208	6920	197	272	75	0	543	63	87	6	5	11	3f57	
3f53_47d9	18393	14208	231		76	8	440	63	83	6	4	10	3f53	
7f53_6baa	27562	18393	305		2	4	6	127	83	7	4	11	7f53	
6f5f_29fa	10746	2340	168	208	40	0	231	111	95	6	6	12	6f5f	
7f5d_2b24	11044	2340	170	243	73	0	420	127	93	7	5	12	7f5d	
7f4f_2c7f	11391	2340	173	212	39	0	150	127	79	7	5	12	7f4f	
7f1f_2c92	11410	2340	174	193	19	0	95	127	31	7	5	12	7f1f	
7f7e_d2c	3372	630	86	197	111	0	1435	127	126	7	6	13	7f7e	
7f76_208d	8333	3372	145	183	38	0	248	127	118	7	5	12	7f76	
777f_111c	4380	630	97	101	4	0	5	119	127	6	7	13	777f	
fd7f_304	772	63	49	112	63	0	895	253	127	7	7	14	fd7f	
7f7f_388	904	63	52	256	204	0	34872	127	127	7	7	14	7f7f	
7f7e_7ad	1965	904	69	154	85	0	673	127	126	7	6	13	7f7e	
7f76_174b	5963	1965	115	223	108	0	691	127	118	7	5	12	7f76	
777e_1b69	7017	1965	129	166	37	0	121	119	126	6	6	12	777e	
7f6e_1be3	7139	1965	131	219	88	0	1752	127	110	7	5	12	7f6e	
7d6e_324a	12874	7139	186	250	64	0	429	125	110	6	5	11	7d6e	
7d6f_3530	13616	12874	192	256	64	0	216	125	111	6	6	12	7d6f	
7f4e_364b	13899	7139	195	203	8	0	8	127	78	7	4	11	7f4e	
776e_3706	14086	7139	196	243	47	0	204	119	110	6	5	11	776e	
7b7f_1162	4450	904	98	150	52	0	486	123	127	6	7	13	7b7f	
7b7f_123a	4666	904	101	127	26	0	121	123	127	6	7	13	7b7f	
7f7d_13c8	5064	904	105	175	70	0	664	127	125	7	6	13	7f7d	
7f5f_144f	5199	904	106	254	148	0	2034	127	95	7	6	13	7f5f	
7e5f_1872	6258	5199	119	121	2	0	3	126	95	6	6	12	7e5f	
7e5f_350e	13582	5199	192	216	24	0	133	126	95	6	6	12	7e5f	
7f6f_148e	5262	904	107	205	98	0	1021	127	111	7	6	13	7f6f	
3f7f_1663	5731	904	112	152	40	0	215	63	127	6	7	13	3f7f	
3fff_18fe	6398	5731	121	150	29	0	129	63	255	6	8	14	3fff	
3f7f_1f66	8038	6398	141		166	13	11842	63	127	6	7	13	3f7f	
3f7d_3719	14105	8038	196	238	42	0	181	63	125	6	6	12	3f7d	
3f3d_4aec	19180	14105	237		70	104	2500	63	61	6	5	11	3f3d	
3d3d_6b42	27458	19180	304		3	2	6	61	61	5	5	10	3d3d	
1f3d_6c89	27785	19180	307		0	1	2	31	61	5	5	10	1f3d	
377f_3df3	15859	8038	210		97	33	2397	55	127	5	7	12	377f	
373f_4875	18549	15859	232	295	63	0	396	55	63	5	6	11	373f	
377f_4d15	19733	18549	242	297	55	0	594	55	127	5	7	12	377f	
373f_59db	23003	15859	268		39	62	1210	55	63	5	6	11	373f	
337f_67d7	26583	15859	296		11	3	26	51	127	4	7	11	337f	
3f7d_40d0	16592	8038	216	242	26	0	124	63	125	6	6	12	3f7d	
377f_4664	18020	8038	228	296	68	0	1045	55	127	5	7	12	377f	
1f7f_4b12	19218	8038	237		70	94	3776	31	127	5	7	12	1f7f	
1f7d_5485	21637	19218	257		50	15	704	31	125	5	6	11	1f7d	
1f3d_60fb	24827	21637	282	287	5	0	6	31	61	5	5	10	1f3d	
173d_61b0	25008	24827	283	285	2	0	1	23	61	4	5	9	173d	
1f3d_6cb4	27828	21637	307		0	1	1	31	61	5	5	10	1f3d	
1f7b_63cc	25548	19218	288		19	10	131	31	123	5	6	11	1f7b	
3f7f_6b3c	27452	19218	304		3	2	2	63	127	6	7	13	3f7f	
1e7f_6c11	27665	19218	306		1	2	2	30	127	4	7	11	1e7f	
3e7f_4f5c	20316	8038	246	294	48	0	504	62	127	5	7	12	3e7f	
3e7f_588e	22670	8038	265	290	25	0	103	62	127	5	7	12	3e7f	
7f77_1797	6039	904	117	158	41	0	131	127	119	7	6	13	7f77	
7f7e_181b	6171	904	118	132	14	0	69	127	126	7	6	13	7f7e	
7f7b_1934	6452	904	122	210	88	0	763	127	123	7	6	13	7f7b	
7e7f_1a04	6660	904	124	147	23	0	124	126	127	6	7	13	7e7f	
7f7b_1ce1	7393	904	134	218	84	0	860	127	123	7	6	13	7f7b	
777f_1f0b	7947	904	140	231	91	0	648	119	127	6	7	13	777f	
7f7d_2077	8311	904	145	183	38	0	174	127	125	7	6	13	7f7d	
7f77_2ad9	10969	904	170	204	34	0	149	127	119	7	6	13	7f77	
7f7b_2c08	11272	904	172	253	81	0	780	127	123	7	6	13	7f7b	
7f7d_2dd7	11735	904	176	201	25	0	75	127	125	7	6	13	7f7d	
7d7d_3300	13056	11735	187	207	20	0	51	125	125	6	6	12	7d7d	
7e7f_3863	14435	904	199	240	41	0	205	126	127	6	7	13	7e7f	
3f7f_390a	14602	904	200		107	65	3641	63	127	6	7	13	3f7f	
3f77_3c2e	15406	14602	206	307	101	0	1212	63	119	6	6	12	3f77	
3f75_48b5	18613	15406	232	274	42	0	177	63	117	6	5	11	3f75	
3f75_49a8	18856	15406	235		72	61	2325	63	117	6	5	11	3f75	
3f35_5bb8	23480	18856	272		35	52	695	63	53	6	4	10	3f35	
1f35_63e0	25568	23480	288		19	36	455	31	53	5	4	9	1f35	
3f25_6cac	27820	23480	307		0	2	2	63	37	6	3	9	3f25	
3f71_6a92	27282	18856	303		4	3	17	63	113	6	4	10	3f71	
3f6f_6246	25158	14602	285		22	7	41	63	111	6	6	12	3f6f	
1f7f_66bc	26300	14602	294		13	9	54	31	127	5	7	12	1f7f	
3f3f_66ea	26346	14602	295		12	9	68	63	63	6	6	12	3f3f	
3e3f_6bef	27631	26346	306		1	3	3	62	63	5	6	11	3e3f	
3f7b_6a39	27193	14602	302		5	3	14	63	123	6	6	12	3f7b	
7b7f_4839	18489	904	231	235	4	0	3	123	127	6	7	13	7b7f	
fe7f_3a7	935	63	52	92	40	0	315	254	127	7	7	14	fe7f	
7f7f_422	1058	63	55	278	223	0	25158	127	127	7	7	14	7f7f	
777f_977	2423	1058	75	97	22	0	125	119	127	6	7	13	777f	
7e7f_183f	6207	1058	119	189	70	0	533	126	127	6	7	13	7e7f	
7f7e_18d3	6355	1058	121	178	57	0	475	127	126	7	6	13	7f7e	
7f7b_1c5a	7258	1058	132	150	18	0	75	127	123	7	6	13	7f7b	
7e7f_21fe	8702	1058	149	180	31	0	142	126	127	6	7	13	7e7f	
7f7d_2492	9362	1058	155	176	21	0	36	127	125	7	6	13	7f7d	
6f7f_2b0d	11021	1058	170	193	23	0	103	111	127	6	7	13	6f7f	
7fff_2fc9	12233	1058	180	189	9	0	17	127	255	7	8	15	7fff	
f77f_459	1113	63	56	106	50	0	239	247	127	7	7	14	f77f	
ff3f_468	1128	63	56	299	243	0	76230	255	63	8	6	14	ff3f	
ff3d_768	1896	1128	69	90	21	0	156	255	61	8	5	13	ff3d	
ff3b_1123	4387	1128	97	219	122	0	1476	255	59	8	5	13	ff3b	
7f3f_1430	5168	1128	106	127	21	0	68	127	63	7	6	13	7f3f	
ff3e_1456	5206	1128	106	194	88	0	628	255	62	8	5	13	ff3e	
ff2e_215e	8542	5206	147	159	12	0	33	255	46	8	4	12	ff2e	
ff2f_180a	6154	1128	118	172	54	0	449	255	47	8	5	13	ff2f	
ff2f_1a70	6768	1128	126	132	6	0	10	255	47	8	5	13	ff2f	
ff3e_1ad4	6868	1128	127	202	75	0	1084	255	62	8	5	13	ff3e	
ff3e_1b4b	6987	1128	129	210	81	0	1046	255	62	8	5	13	ff3e	
ff3b_1b94	7060	1128	130	194	64	0	502	255	59	8	5	13	ff3b	
ff1f_1baf	7087	1128	130		177	63	9772	255	31	8	5	13	ff1f	
ff1b_4c99	19609	7087	240	243	3	0	2	255	27	8	4	12	ff1b	
ff1b_52ae	21166	7087	253	279	26	0	176	255	27	8	4	12	ff1b	
bf1f_695e	26974	7087	300		7	2	6	191	31	7	5	12	bf1f	
ff7f_1bb4	7092	1128	130	159	29	0	63	255	127	8	7	15	ff7f	
7f3f_1c24	7204	1128	132	132	0	0	1	127	63	7	6	13	7f3f	
7b3f_1c35	7221	7204	132	195	63	0	317	123	63	6	6	12	7b3f	
ff3b_1c54	7252	1128	132	207	75	0	873	255	59	8	5	13	ff3b	
7f3f_1d9a	7578	1128	136	217	81	0	471	127	63	7	6	13	7f3f	
ff2f_1ddc	7644	1128	137	279	142	0	3657	255	47	8	5	13	ff2f	
ff2e_2747	10055	7644	162	168	6	0	5	255	46	8	4	12	ff2e	
fff_33b7	13239	7644	189	258	69	0	449	255	15	8	4	12	fff	
7f3f_1e67	7783	1128	139	197	58	0	252	127	63	7	6	13	7f3f	
ff1f_1edc	7900	1128	140	182	42	0	112	255	31	8	5	13	ff1f	
ff1f_1f18	7960	1128	141	144	3	0	4	255	31	8	5	13	ff1f	
ff3d_2015	8213	1128	143	192	49	0	267	255	61	8	5	13	ff3d	
ff3d_2110	8464	1128	146	186	40	0	175	255	61	8	5	13	ff3d	
ff1f_2127	8487	1128	146	183	37	0	222	255	31	8	5	13	ff1f	
ff3e_21bd	8637	1128	148	208	60	0	723	255	62	8	5	13	ff3e	
ff37_21f2	8690	1128	149	204	55	0	794	255	55	8	5	13	ff37	
ff3b_2243	8771	1128	149	213	64	0	258	255	59	8	5	13	ff3b	
fd3b_23c5	9157	8771	153	161	8	0	14	253	59	7	5	12	fd3b	
ff3b_258d	9613	9157	157	197	40	0	223	255	59	8	5	13	ff3b	
ff1f_2266	8806	1128	150	212	62	0	383	255	31	8	5	13	ff1f	
ffbf_22da	8922	1128	151	156	5	0	3	255	191	8	7	15	ffbf	
ff37_2470	9328	1128	155	234	79	0	803	255	55	8	5	13	ff37	
ff3b_24a7	9383	1128	155	234	79	0	689	255	59	8	5	13	ff3b	
ff1f_25e4	9700	1128	158	299	141	0	3763	255	31	8	5	13	ff1f	
ff17_2cc0	11456	9700	174	216	42	0	191	255	23	8	4	12	ff17	
fff_4459	17497	9700	224	298	74	0	523	255	15	8	4	12	fff	
ff1b_4ca4	19620	9700	241	269	28	0	100	255	27	8	4	12	ff1b	
ff2f_289c	10396	1128	165	184	19	0	26	255	47	8	5	13	ff2f	
ff2f_28f0	10480	1128	166	192	26	0	74	255	47	8	5	13	ff2f	
7f3f_28fa	10490	1128	166	301	135	0	1747	127	63	7	6	13	7f3f	
ff3f_3432	13362	10490	190	226	36	0	310	255	63	8	6	14	ff3f	
ff3e_38bb	14523	13362	200	240	40	0	142	255	62	8	5	13	ff3e	
7f3e_3a07	14855	10490	202	241	39	0	299	127	62	7	5	12	7f3e	
7f37_3d2c	15660	10490	208	291	83	0	589	127	55	7	5	12	7f37	
ff3d_295d	10589	1128	167	193	26	0	138	255	61	8	5	13	ff3d	
ff37_2d3b	11579	1128	175	252	77	0	1014	255	55	8	5	13	ff37	
ff3b_2d7f	11647	1128	175	210	35	0	206	255	59	8	5	13	ff3b	
ff1f_2fd0	12240	1128	180	270	90	0	1115	255	31	8	5	13	ff1f	
ff3e_325b	12891	1128	186	216	30	0	157	255	62	8	5	13	ff3e	
ff2f_3325	13093	1128	187	224	37	0	136	255	47	8	5	13	ff2f	
7f3f_355d	13661	1128	192	268	76	0	865	127	63	7	6	13	7f3f	
fb3f_3b5b	15195	1128	205	205	0	0	1	251	63	7	6	13	fb3f	
ff3b_3c4d	15437	1128	207	253	46	0	212	255	59	8	5	13	ff3b	
ff3f_569	1385	63	61	95	34	0	176	255	63	8	6	14	ff3f	
ff77_599	1433	63	62	163	101	0	821	255	119	8	6	14	ff77	
ff6f_5c7	1479	63	62	103	41	0	277	255	111	8	6	14	ff6f	
ff7d_63f	1599	63	65	139	74	0	350	255	125	8	6	14	ff7d	
df7f_6bb	1723	63	66	93	27	0	374	223	127	7	7	14	df7f	
df7e_8ef	2287	1723	73	108	35	0	199	223	126	7	6	13	df7e	
ff7b_6e8	1768	63	67	91	24	0	101	255	123	8	6	14	ff7b	
7f7f_731	1841	63	68	133	65	0	316	127	127	7	7	14	7f7f	
7f7f_901	2305	63	74	112	38	0	117	127	127	7	7	14	7f7f	
ff3f_92e	2350	63	74	84	10	0	32	255	63	8	6	14	ff3f	
ff77_9f5	2549	63	76	183	107	0	6372	255	119	8	6	14	ff77	
ff73_11c0	4544	2549	99	104	5	0	5	255	115	8	5	13	ff73	
ff73_1ca8	7336	2549	133	207	74	0	649	255	115	8	5	13	ff73	
ff75_25a2	9634	2549	158	162	4	0	3	255	117	8	5	13	ff75	
ff67_2ac1	10945	2549	170	202	32	0	82	255	103	8	5	13	ff67	
7f67_30b9	12473	10945	182	229	47	0	308	127	103	7	5	12	7f67	
7b67_4461	17505	12473	224	231	7	0	12	123	103	6	5	11	7b67	
5b67_45c1	17857	17505	227	256	29	0	41	91	103	5	5	10	5b67	
5f67_52e6	21222	17857	253	299	46	0	187	95	103	6	5	11	5f67	
ff7e_a19	2585	63	77	99	22	0	77	255	126	8	6	14	ff7e	
ff7a_c97	3223	2585	84	134	50	0	504	255	122	8	5	13	ff7a	
ff3f_ae1	2785	63	79	122	43	0	223	255	63	8	6	14	ff3f	
ff3f_b21	2849	63	80	298	218	0	16145	255	63	8	6	14	ff3f	
7f3f_1186	4486	2849	99	268	169	0	5105	127	63	7	6	13	7f3f	
7f1f_2e0d	11789	4486	177	264	87	0	1033	127	31	7	5	12	7f1f	
7f3f_15c9	5577	2849	111	119	8	0	15	127	63	7	6	13	7f3f	
ff1f_1a05	6661	2849	124		183	496	62870	255	31	8	5	13	ff1f	
ff3f_27de	10206	6661	163	203	40	0	209	255	63	8	6	14	ff3f	
ff1b_2eae	11950	6661	178		129	24	2440	255	27	8	4	12	ff1b	
ff9b_36aa	13994	11950	195	197	2	0	1	255	155	8	5	13	ff9b	
ff8b_375e	14174	13994	197	210	13	0	15	255	139	8	4	12	ff8b	
7f1b_6cd4	27860	11950	307		0	1	1	127	27	7	4	11	7f1b	
7f1f_37a4	14244	6661	197	268	71	0	456	127	31	7	5	12	7f1f	
ff1e_3c97	15511	6661	207		100	34	2257	255	30	8	4	12	ff1e	
ff1a_4a8b	19083	15511	236	304	68	0	724	255	26	8	3	11	ff1a	
ff1a_687b	26747	15511	298		9	13	30	255	26	8	3	11	ff1a	
fe1e_6caf	27823	15511	307		0	1	1	254	30	7	4	11	fe1e	
fff_40f6	16630	6661	216	291	75	0	382	255	15	8	4	12	fff	
fff_42cb	17099	6661	220	301	81	0	866	255	15	8	4	12	fff	
ff5f_45df	17887	6661	227	266	39	0	119	255	95	8	6	14	ff5f	
ff17_474f	18255	6661	229	272	43	0	314	255	23	8	4	12	ff17	
ff1e_4854	18516	6661	231	237	6	0	7	255	30	8	4	12	ff1e	
7f1f_4e26	20006	6661	244	282	38	0	118	127	31	7	5	12	7f1f	
ff3f_5131	20785	6661	250	255	5	0	6	255	63	8	6	14	ff3f	
ff1e_536f	21359	6661	254		53	9	560	255	30	8	4	12	ff1e	
ff3f_5c7a	23674	6661	273		34	8	122	255	63	8	6	14	ff3f	
ff1b_5ddc	24028	6661	276		31	4	466	255	27	8	4	12	ff1b	
fff_6120	24864	6661	282		25	2	75	255	15	8	4	12	fff	
ff1b_69ee	27118	6661	301		6	9	30	255	27	8	4	12	ff1b	
ff1d_6a0e	27150	6661	302		5	2	8	255	29	8	4	12	ff1d	
7f1d_6cbd	27837	27150	307		0	1	1	127	29	7	4	11	7f1d	
ef1f_6b20	27424	6661	304		3	1	1	239	31	7	5	12	ef1f	
ff3f_6bd3	27603	6661	305		2	5	6	255	63	8	6	14	ff3f	
ff2f_6cb0	27824	27603	307		0	1	1	255	47	8	5	13	ff2f	
ef1f_6c4b	27723	6661	306		1	1	1	239	31	7	5	12	ef1f	
f71f_6c61	27745	6661	306		1	1	1	247	31	7	5	12	f71f	
ff3f_6c6c	27756	6661	307		0	1	1	255	63	8	6	14	ff3f	
fd1f_6c7b	27771	6661	307		0	1	1	253	31	7	5	12	fd1f	
ff3f_6ca3	27811	6661	307		0	1	1	255	63	8	6	14	ff3f	
fff_6cbf	27839	6661	307		0	1	1	255	15	8	4	12	fff	
ff1b_6cc8	27848	6661	307		0	1	1	255	27	8	4	12	ff1b	
ff17_6cc9	27849	6661	307		0	1	1	255	23	8	4	12	ff17	
ff9f_6cd1	27857	6661	307		0	1	1	255	159	8	6	14	ff9f	
ff1f_1cc4	7364	2849	134		173	154	20941	255	31	8	5	13	ff1f	
ff1e_20b8	8376	7364	145		162	17	5207	255	30	8	4	12	ff1e	
bf1e_2dd0	11728	8376	176	190	14	0	56	191	30	7	4	11	bf1e	
ff3e_4c9f	19615	8376	241	262	21	0	68	255	62	8	5	13	ff3e	
7f3e_509e	20638	19615	249	271	22	0	47	127	62	7	5	12	7f3e	
ff1f_5ae1	23265	8376	270		37	6	458	255	31	8	5	13	ff1f	
ff1e_3286	12934	7364	186	195	9	0	14	255	30	8	4	12	ff1e	
bf1f_337d	13181	7364	188	204	16	0	42	191	31	7	5	12	bf1f	
ff1e_3791	14225	7364	197	269	72	0	885	255	30	8	4	12	ff1e	
ff1b_520f	21007	7364	252		55	4	367	255	27	8	4	12	ff1b	
ff1d_5795	22421	7364	263	297	34	0	179	255	29	8	4	12	ff1d	
fff_5d24	23844	7364	275		32	12	98	255	15	8	4	12	fff	
ff7_6c9e	27806	23844	307		0	2	2	255	7	8	3	11	ff7	
ff2f_2058	8280	2849	144	180	36	0	158	255	47	8	5	13	ff2f	
ff1f_256e	9582	2849	157	283	126	0	3104	255	31	8	5	13	ff1f	
fff_5076	20598	9582	249		58	46	995	255	15	8	4	12	fff	
ff7_5c97	23703	20598	273		34	8	204	255	7	8	3	11	ff7	
ffd_695c	26972	20598	300		7	9	33	255	13	8	3	11	ffd	
eff_6c6f	27759	20598	307		0	1	1	239	15	7	4	11	eff	
7f7f_cb0	3248	63	85	239	154	0	2568	127	127	7	7	14	7f7f	
7f7d_141f	5151	3248	106	221	115	0	816	127	125	7	6	13	7f7d	
7f77_1d1b	7451	3248	135	189	54	0	356	127	119	7	6	13	7f77	
3f77_2b3d	11069	7451	171		136	51	9308	63	119	6	6	12	3f77	
1f77_4482	17538	11069	224		83	104	2865	31	119	5	6	11	1f77	
1f37_4ebc	20156	17538	245		62	114	2327	31	55	5	5	10	1f37	
1b37_6175	24949	20156	283		24	14	146	27	55	4	5	9	1b37	
1d77_5c4b	23627	17538	273	301	28	0	147	29	119	4	6	10	1d77	
1f75_652e	25902	17538	291		16	6	70	31	117	5	5	10	1f75	
1f73_698e	27022	17538	300		7	4	24	31	115	5	5	10	1f73	
1f67_6aaa	27306	17538	303		4	3	15	31	103	5	5	10	1f67	
1f76_6b08	27400	17538	304		3	2	10	31	118	5	5	10	1f76	
1f67_6b6b	27499	17538	304		3	1	5	31	103	5	5	10	1f67	
3777_4c28	19496	11069	240	271	31	0	107	55	119	5	6	11	3777	
3f37_53bb	21435	11069	255	265	10	0	33	63	55	6	5	11	3f37	
3f73_6025	24613	11069	281	291	10	0	16	63	115	6	5	11	3f73	
3f73_648b	25739	11069	289		18	6	78	63	115	6	5	11	3f73	
1f77_67f0	26608	11069	297		10	15	63	31	119	5	6	11	1f77	
3d77_6c29	27689	11069	306		1	3	4	61	119	5	6	11	3d77	
7f67_2c8b	11403	7451	174	187	13	0	37	127	103	7	5	12	7f67	
7f7e_20ba	8378	3248	145	178	33	0	104	127	126	7	6	13	7f7e	
ff7d_d20	3360	63	86	135	49	0	431	255	125	8	6	14	ff7d	
ff7d_e04	3588	63	89	97	8	0	10	255	125	8	6	14	ff7d	
7f7f_e94	3732	63	90	188	98	0	2274	127	127	7	7	14	7f7f	
3f7f_21ed	8685	3732	149	191	42	0	201	63	127	6	7	13	3f7f	
3f7b_2b4c	11084	8685	171	274	103	0	1408	63	123	6	6	12	3f7b	
3f6b_391c	14620	11084	200		107	10	4643	63	107	6	5	11	3f6b	
3e6b_4f96	20374	14620	247		60	8	313	62	107	5	5	10	3e6b	
1f6b_592a	22826	14620	266	292	26	0	56	31	107	5	5	10	1f6b	
3f63_5c0f	23567	14620	272		35	10	169	63	99	6	4	10	3f63	
3f69_5dc6	24006	14620	276		31	3	106	63	105	6	4	10	3f69	
3d7b_56c3	22211	11084	261		46	3	181	61	123	5	6	11	3d7b	
3f77_2c67	11367	8685	173	292	119	0	1084	63	119	6	6	12	3f77	
1f77_4d58	19800	11367	242		65	36	1227	31	119	5	6	11	1f77	
1f37_681d	26653	19800	297		10	2	18	31	55	5	5	10	1f37	
7e7f_2540	9536	3732	157	166	9	0	30	126	127	6	7	13	7e7f	
ff77_f9b	3995	63	93	131	38	0	160	255	119	8	6	14	ff77	
ff5f_113f	4415	63	98	212	114	0	2266	255	95	8	6	14	ff5f	
ff7e_12e6	4838	63	102	126	24	0	123	255	126	8	6	14	ff7e	
7f7f_130b	4875	63	103	164	61	0	374	127	127	7	7	14	7f7f	
ff3f_1330	4912	63	103	118	15	0	34	255	63	8	6	14	ff3f	
ff5f_134f	4943	63	103	167	64	0	311	255	95	8	6	14	ff5f	
ff7d_1414	5140	63	106	160	54	0	296	255	125	8	6	14	ff7d	
ff3f_145c	5212	63	106	173	67	0	706	255	63	8	6	14	ff3f	
f77f_14c6	5318	63	108	116	8	0	5	247	127	7	7	14	f77f	
ff3f_152e	5422	63	109	270	161	0	3017	255	63	8	6	14	ff3f	
ff3e_2fed	12269	5422	180	222	42	0	110	255	62	8	5	13	ff3e	
ff1f_4627	17959	5422	227		80	77	4624	255	31	8	5	13	ff1f	
ff1d_6a25	27173	17959	302		5	12	24	255	29	8	4	12	ff1d	
7f7f_1561	5473	63	109	146	37	0	137	127	127	7	7	14	7f7f	
ff3f_16a9	5801	63	113	146	33	0	123	255	63	8	6	14	ff3f	
ff3f_1794	6036	63	116	243	127	0	3483	255	63	8	6	14	ff3f	
ff37_1e66	7782	6036	139	232	93	0	867	255	55	8	5	13	ff37	
ff2f_2ba5	11173	6036	171	247	76	0	512	255	47	8	5	13	ff2f	
ff2d_360f	13839	11173	194	233	39	0	108	255	45	8	4	12	ff2d	
ff25_3fb8	16312	13839	214	255	41	0	176	255	37	8	3	11	ff25	
7f3f_2ce1	11489	6036	174	273	99	0	1455	127	63	7	6	13	7f3f	
7f1f_4c24	19492	11489	240	264	24	0	99	127	31	7	5	12	7f1f	
7f7f_17e8	6120	63	118	258	140	0	1341	127	127	7	7	14	7f7f	
3f7f_1d81	7553	6120	136	173	37	0	305	63	127	6	7	13	3f7f	
777f_357c	13692	6120	193	199	6	0	6	119	127	6	7	13	777f	
ff3f_1bf7	7159	63	131	173	42	0	153	255	63	8	6	14	ff3f	
ff6f_1c10	7184	63	132	143	11	0	18	255	111	8	6	14	ff6f	
fbff_43	67	1	24	53	29	0	158	251	255	7	8	15	fbff	
fb7f_114	276	67	35	54	19	0	59	251	127	7	7	14	fb7f	
fbff_47	71	1	24	77	53	0	666	251	255	7	8	15	fbff	
fbf7_217	535	71	43	91	48	0	125	251	247	7	7	14	fbf7	
fdff_4b	75	1	25	83	58	0	611	253	255	7	8	15	fdff	
f9ff_3f8	1016	75	54	104	50	0	128	249	255	6	8	14	f9ff	
f7ff_4f	79	1	25	90	65	0	652	247	255	7	8	15	f7ff	
fffd_58	88	1	26	43	17	0	50	255	253	8	7	15	fffd	
fdfd_7b	123	88	28	93	65	0	556	253	253	7	7	14	fdfd	
ffef_5b	91	1	26	68	42	0	171	255	239	8	7	15	ffef	
feff_5d	93	1	26	38	12	0	30	254	255	7	8	15	feff	
fefe_7f	127	93	28	29	1	0	1	254	254	7	7	14	fefe	
fe7e_82	130	127	29	91	62	0	182	254	126	7	6	13	fe7e	
bfff_63	99	1	27	84	57	0	1146	191	255	7	8	15	bfff	
7fff_65	101	1	27	55	28	0	108	127	255	7	8	15	7fff	
fffb_6d	109	1	27	87	60	0	493	255	251	8	7	15	fffb	
fefb_5b0	1456	109	62	69	7	0	5	254	251	7	7	14	fefb	
ff7f_74	116	1	28	173	145	0	14779	255	127	8	7	15	ff7f	
ef7f_3d3	979	116	53	106	53	0	233	239	127	7	7	14	ef7f	
7f7f_6e3	1763	116	67	284	217	0	14250	127	127	7	7	14	7f7f	
7f7b_1239	4665	1763	101		206	1	5000	127	123	7	6	13	7f7b	
7b7b_1fcd	8141	4665	143	174	31	0	81	123	123	6	6	12	7b7b	
7f7b_25c8	9672	8141	158	205	47	0	424	127	123	7	6	13	7f7b	
7f6b_43f2	17394	4665	223	265	42	0	291	127	107	7	5	12	7f6b	
7e7f_2c01	11265	1763	172	250	78	0	838	126	127	6	7	13	7e7f	
7e7f_3640	13888	1763	194	247	53	0	270	126	127	6	7	13	7e7f	
5f7f_3dec	15852	1763	210	271	61	0	583	95	127	6	7	13	5f7f	
7d7f_4070	16496	1763	215	267	52	0	317	125	127	6	7	13	7d7f	
7d77_585c	22620	16496	265	285	20	0	23	125	119	6	6	12	7d77	
3d77_5b5d	23389	22620	271	300	29	0	129	61	119	5	6	11	3d77	
ff5f_845	2117	116	71	101	30	0	121	255	95	8	6	14	ff5f	
fe7f_d3e	3390	116	86	119	33	0	105	254	127	7	7	14	fe7f	
ff7b_d70	3440	116	87	93	6	0	3	255	123	8	6	14	ff7b	
7f7f_1427	5159	116	106	281	175	0	1572	127	127	7	7	14	7f7f	
ff7b_17dd	6109	116	118	125	7	0	8	255	123	8	6	14	ff7b	
bfff_76	118	1	28	44	16	0	101	191	255	7	8	15	bfff	
bfff_85	133	1	29	65	36	0	175	191	255	7	8	15	bfff	
7fff_86	134	1	29	128	99	0	1838	127	255	7	8	15	7fff	
ff7f_8c	140	1	29	190	161	0	63770	255	127	8	7	15	ff7f	
df7f_229	553	140	43	65	22	0	43	223	127	7	7	14	df7f	
ff77_2a2	674	140	46	194	148	0	37194	255	119	8	6	14	ff77	
fb77_325	805	674	49	94	45	0	222	251	119	7	6	13	fb77	
ff7f_515	1301	674	59	161	102	0	584	255	127	8	7	15	ff7f	
fd77_615	1557	674	64	95	31	0	140	253	119	7	6	13	fd77	
7f77_668	1640	674	65	107	42	0	205	127	119	7	6	13	7f77	
fe77_6a2	1698	674	66	91	25	0	172	254	119	7	6	13	fe77	
ff77_c79	3193	1698	84	104	20	0	54	255	119	8	6	14	ff77	
bf77_6c7	1735	674	67	71	4	0	3	191	119	7	6	13	bf77	
ff37_7d8	2008	674	70		237	32	47465	255	55	8	5	13	ff37	
7f37_17f4	6132	2008	118	184	66	0	256	127	55	7	5	12	7f37	
ff36_1e47	7751	2008	138	139	1	0	1	255	54	8	4	12	ff36	
fb37_23a4	9124	2008	153	156	3	0	3	251	55	7	5	12	fb37	
ff27_23a5	9125	2008	153	228	75	0	324	255	39	8	4	12	ff27	
7f37_24cc	9420	2008	156	271	115	0	1019	127	55	7	5	12	7f37	
3f37_4f4e	20302	9420	246	300	54	0	257	63	55	6	5	11	3f37	
ff33_2752	10066	2008	162	228	66	0	523	255	51	8	4	12	ff33	
ff27_27ef	10223	2008	163	235	72	0	376	255	39	8	4	12	ff27	
7f37_2883	10371	2008	165	300	135	0	2218	127	55	7	5	12	7f37	
ff35_2c23	11299	2008	173	245	72	0	804	255	53	8	4	12	ff35	
ff17_2e11	11793	2008	177		130	14	2750	255	23	8	4	12	ff17	
df17_6c78	27768	11793	307		0	1	1	223	23	7	4	11	df17	
bf17_6c8c	27788	11793	307		0	1	1	191	23	7	4	11	bf17	
fd37_2f20	12064	2008	179	190	11	0	13	253	55	7	5	12	fd37	
ff33_2ff8	12280	2008	181	243	62	0	451	255	51	8	4	12	ff33	
ff3f_316b	12651	2008	184	245	61	0	326	255	63	8	6	14	ff3f	
ff1f_4185	16773	12651	218	247	29	0	139	255	31	8	5	13	ff1f	
7f37_31a0	12704	2008	184	215	31	0	174	127	55	7	5	12	7f37	
ff17_3389	13193	2008	188	291	103	0	2111	255	23	8	4	12	ff17	
7f37_3701	14081	2008	196	224	28	0	99	127	55	7	5	12	7f37	
ff77_466c	18028	2008	228	280	52	0	208	255	119	8	6	14	ff77	
ff36_4acd	19149	2008	237	259	22	0	53	255	54	8	4	12	ff36	
7f77_7dd	2013	674	70	247	177	0	12616	127	119	7	6	13	7f77	
7f37_d64	3428	2013	87	92	5	0	8	127	55	7	5	12	7f37	
7777_1113	4371	2013	97	103	6	0	7	119	119	6	6	12	7777	
7f73_1133	4403	2013	97	230	133	0	1527	127	115	7	5	12	7f73	
7f53_1d0f	7439	4403	135	170	35	0	180	127	83	7	4	11	7f53	
7b77_1c66	7270	2013	132	173	41	0	291	123	119	6	6	12	7b77	
7977_2bc0	11200	7270	172	198	26	0	132	121	119	5	6	11	7977	
7b77_2b86	11142	2013	171	215	44	0	373	123	119	6	6	12	7b77	
7e77_2f03	12035	2013	179	215	36	0	119	126	119	6	6	12	7e77	
3f77_3a46	14918	2013	202	278	76	0	353	63	119	6	6	12	3f77	
ff37_820	2080	674	71	101	30	0	105	255	55	8	5	13	ff37	
ef77_82c	2092	674	71	101	30	0	126	239	119	7	6	13	ef77	
ff7f_893	2195	674	72	105	33	0	111	255	127	8	7	15	ff7f	
fb77_8bb	2235	674	73	127	54	0	660	251	119	7	6	13	fb77	
fb75_b3e	2878	2235	80	109	29	0	100	251	117	7	5	12	fb75	
ff37_8e7	2279	674	73	85	12	0	15	255	55	8	5	13	ff37	
ff36_bda	3034	2279	82	284	202	0	21726	255	54	8	4	12	ff36	
ff26_104b	4171	3034	95		212	9	27388	255	38	8	3	11	ff26	
ff6_1bff	7167	4171	131		176	1124	37966	255	6	8	2	10	ff6	
7f6_275f	10079	7167	162	205	43	0	314	127	6	7	2	9	7f6	
7f2_2b68	11112	10079	171		136	12	2279	127	2	7	1	8	7f2	
5f2_3552	13650	11112	192	256	64	0	882	95	2	6	1	7	5f2	
5f3_48c1	18625	13650	232	265	33	0	143	95	3	6	2	8	5f3	
7f6_2a4a	10826	7167	169	170	1	0	1	127	6	7	2	9	7f6	
ff16_3df6	15862	7167	210	244	34	0	151	255	22	8	3	11	ff16	
ff1e_425d	16989	15862	219		88	23	1542	255	30	8	4	12	ff1e	
7f6_4237	16951	7167	219		88	4	650	127	6	7	2	9	7f6	
ff7_5a23	23075	7167	268		39	15	509	255	7	8	3	11	ff7	
ff6_65ad	26029	23075	292		15	2	61	255	6	8	2	10	ff6	
ff4_5bd6	23510	7167	272	291	19	0	125	255	4	8	1	9	ff4	
ff2_6057	24663	7167	281	307	26	0	232	255	2	8	1	9	ff2	
ff7_633d	25405	7167	287		20	38	227	255	7	8	3	11	ff7	
ff27_6ccb	27851	25405	307		0	1	1	255	39	8	4	12	ff27	
ff7_671e	26398	7167	295	297	2	0	1	255	7	8	3	11	ff7	
ff86_6839	26681	7167	297		10	1	14	255	134	8	3	11	ff86	
ff16_6a06	27142	7167	301		6	4	14	255	22	8	3	11	ff16	
ff2_6ade	27358	7167	303		4	5	13	255	2	8	1	9	ff2	
fe6_6af3	27379	7167	303		4	1	2	254	6	7	2	9	fe6	
ff16_6b5a	27482	7167	304		3	4	11	255	22	8	3	11	ff16	
f76_6ba5	27557	7167	305		2	1	1	247	6	7	2	9	f76	
fe6_6bf6	27638	7167	306		1	1	2	254	6	7	2	9	fe6	
ef6_6c10	27664	7167	306		1	1	1	239	6	7	2	9	ef6	
f76_6c31	27697	7167	306		1	1	1	247	6	7	2	9	f76	
f76_6c56	27734	7167	306		1	1	1	247	6	7	2	9	f76	
ef6_6ca2	27810	7167	307		0	1	1	239	6	7	2	9	ef6	
ff7_6cae	27822	7167	307		0	1	1	255	7	8	3	11	ff7	
7f6_6cb1	27825	7167	307		0	1	1	127	6	7	2	9	7f6	
fe6_6cb3	27827	7167	307		0	1	1	254	6	7	2	9	fe6	
7f6_6cba	27834	7167	307		0	1	1	127	6	7	2	9	7f6	
ef6_6cd5	27861	7167	307		0	1	1	239	6	7	2	9	ef6	
ff27_2187	8583	4171	147	251	104	0	1178	255	39	8	4	12	ff27	
bf27_478b	18315	8583	230	235	5	0	3	191	39	7	4	11	bf27	
7f26_2d65	11621	4171	175	214	39	0	266	127	38	7	3	10	7f26	
ff36_2fdc	12252	4171	180	226	46	0	202	255	54	8	4	12	ff36	
ff22_3510	13584	4171	192	244	52	0	402	255	34	8	2	10	ff22	
ff22_3797	14231	4171	197	238	41	0	131	255	34	8	2	10	ff22	
ff22_3ac2	15042	4171	203	240	37	0	331	255	34	8	2	10	ff22	
ff6_4cf4	19700	4171	241		66	495	8297	255	6	8	2	10	ff6	
ff7_6907	26887	19700	299		8	32	80	255	7	8	3	11	ff7	
ff2_6960	26976	19700	300		7	5	12	255	2	8	1	9	ff2	
ff4_6962	26978	19700	300		7	7	21	255	4	8	1	9	ff4	
ff7_6b59	27481	19700	304		3	1	2	255	7	8	3	11	ff7	
f76_6bbf	27583	19700	305		2	1	1	247	6	7	2	9	f76	
ff16_6be7	27623	19700	305		2	1	4	255	22	8	3	11	ff16	
ffe_6c13	27667	19700	306		1	2	2	255	14	8	3	11	ffe	
ff7_6c25	27685	19700	306		1	2	2	255	7	8	3	11	ff7	
bf6_6cbe	27838	19700	307		0	1	1	191	6	7	2	9	bf6	
ff26_6cc6	27846	19700	307		0	1	1	255	38	8	3	11	ff26	
ef6_6cd8	27864	19700	307		0	1	1	239	6	7	2	9	ef6	
ff6_4edb	20187	4171	245		62	17	1196	255	6	8	2	10	ff6	
df26_6ba0	27552	4171	305		2	1	1	223	38	7	3	10	df26	
ff37_1301	4865	3034	102	203	101	0	2583	255	55	8	5	13	ff37	
ff16_13f6	5110	3034	105		202	2711	330688	255	22	8	3	11	ff16	
7f16_1c50	7248	5110	132	279	147	0	2781	127	22	7	3	10	7f16	
7d16_1e3d	7741	7248	138	149	11	0	18	125	22	6	3	9	7d16	
ff6_1d21	7457	5110	135		172	325	11315	255	6	8	2	10	ff6	
fe6_5aab	23211	7457	270	273	3	0	1	254	6	7	2	9	fe6	
ff16_5b7e	23422	7457	271	282	11	0	17	255	22	8	3	11	ff16	
ff26_5e46	24134	7457	277	281	4	0	2	255	38	8	3	11	ff26	
ff4_60ff	24831	7457	282		25	9	81	255	4	8	1	9	ff4	
ff4_6127	24871	7457	283		24	14	145	255	4	8	1	9	ff4	
7f6_6a05	27141	7457	301		6	2	8	127	6	7	2	9	7f6	
ff7_6a2d	27181	7457	302		5	5	15	255	7	8	3	11	ff7	
7f6_6a60	27232	7457	302		5	8	22	127	6	7	2	9	7f6	
ff2_6bc4	27588	7457	305		2	2	3	255	2	8	1	9	ff2	
ff7_6c90	27792	7457	307		0	1	1	255	7	8	3	11	ff7	
ff16_6c92	27794	7457	307		0	1	1	255	22	8	3	11	ff16	
df6_6c98	27800	7457	307		0	1	1	223	6	7	2	9	df6	
df6_6cb9	27833	7457	307		0	1	1	223	6	7	2	9	df6	
ff36_1f7f	8063	5110	142	212	70	0	699	255	54	8	4	12	ff36	
ff14_2140	8512	5110	147	295	148	0	2691	255	20	8	2	10	ff14	
ff1e_21f0	8688	5110	149	150	1	0	1	255	30	8	4	12	ff1e	
ff6_23b0	9136	5110	153	154	1	0	1	255	6	8	2	10	ff6	
ff36_23d8	9176	5110	153	244	91	0	518	255	54	8	4	12	ff36	
fe16_244a	9290	5110	154	156	2	0	1	254	22	7	3	10	fe16	
ff12_2680	9856	5110	160	253	93	0	887	255	18	8	2	10	ff12	
ff17_2870	10352	5110	164	181	17	0	109	255	23	8	4	12	ff17	
ff17_2aef	10991	5110	170	226	56	0	195	255	23	8	4	12	ff17	
7f16_2c17	11287	5110	173	228	55	0	325	127	22	7	3	10	7f16	
6f16_3399	13209	11287	188	199	11	0	7	111	22	6	3	9	6f16	
2f16_3669	13929	13209	195	236	41	0	300	47	22	5	3	8	2f16	
ff17_2e24	11812	5110	177	294	117	0	1303	255	23	8	4	12	ff17	
7f16_2e89	11913	5110	178	217	39	0	114	127	22	7	3	10	7f16	
ff6_2ece	11982	5110	178	179	1	0	1	255	6	8	2	10	ff6	
7f16_2f33	12083	5110	179	274	95	0	1012	127	22	7	3	10	7f16	
ff12_31b4	12724	5110	184	186	2	0	2	255	18	8	2	10	ff12	
ff12_326f	12911	5110	186		121	86	4870	255	18	8	2	10	ff12	
ff56_3357	13143	5110	188	231	43	0	199	255	86	8	4	12	ff56	
ff14_344f	13391	5110	190	226	36	0	100	255	20	8	2	10	ff14	
ff17_3542	13634	5110	192	228	36	0	102	255	23	8	4	12	ff17	
7f16_354e	13646	5110	192	279	87	0	503	127	22	7	3	10	7f16	
ff6_36c9	14025	5110	196	236	40	0	197	255	6	8	2	10	ff6	
7f16_36ea	14058	5110	196	241	45	0	330	127	22	7	3	10	7f16	
ff6_36eb	14059	5110	196	238	42	0	252	255	6	8	2	10	ff6	
fd16_38b0	14512	5110	199	200	1	0	1	253	22	7	3	10	fd16	
ff6_3991	14737	5110	201	248	47	0	211	255	6	8	2	10	ff6	
ff96_3b06	15110	5110	204	254	50	0	182	255	150	8	4	12	ff96	
bf16_3b3c	15164	5110	204	212	8	0	13	191	22	7	3	10	bf16	
fd16_3b41	15169	5110	205	207	2	0	1	253	22	7	3	10	fd16	
7f16_3ba1	15265	5110	205	272	67	0	353	127	22	7	3	10	7f16	
ff56_3c87	15495	5110	207	213	6	0	7	255	86	8	4	12	ff56	
ff17_3da2	15778	5110	210	248	38	0	206	255	23	8	4	12	ff17	
ff56_3dd8	15832	5110	210	253	43	0	116	255	86	8	4	12	ff56	
ff6_3e5d	15965	5110	211		96	169	6867	255	6	8	2	10	ff6	
ff4_5ff6	24566	15965	280		27	24	341	255	4	8	1	9	ff4	
7f6_664a	26186	15965	293		14	5	26	127	6	7	2	9	7f6	
ff4_6679	26233	15965	294	297	3	0	8	255	4	8	1	9	ff4	
bf6_6829	26665	15965	297		10	1	11	191	6	7	2	9	bf6	
ff4_6b43	27459	15965	304		3	2	6	255	4	8	1	9	ff4	
ff4_6c17	27671	15965	306		1	2	2	255	4	8	1	9	ff4	
ff14_3eb2	16050	5110	212	222	10	0	34	255	20	8	2	10	ff14	
ff17_3ee6	16102	5110	212		95	17	1277	255	23	8	4	12	ff17	
fb16_3f2e	16174	5110	213	222	9	0	2	251	22	7	3	10	fb16	
ff56_3f52	16210	5110	213	222	9	0	20	255	86	8	4	12	ff56	
ff6_40a9	16553	5110	216		91	353	8245	255	6	8	2	10	ff6	
ff26_61d0	25040	16553	284		23	4	89	255	38	8	3	11	ff26	
ffa6_6ab3	27315	25040	303		4	2	6	255	166	8	4	12	ffa6	
ff46_685f	26719	16553	298		9	11	27	255	70	8	3	11	ff46	
ff4_6a09	27145	16553	301		6	8	25	255	4	8	1	9	ff4	
ff16_6a61	27233	16553	302		5	1	5	255	22	8	3	11	ff16	
ef6_6aa6	27302	16553	303		4	1	4	239	6	7	2	9	ef6	
7f6_6bad	27565	16553	305		2	5	6	127	6	7	2	9	7f6	
7f6_6bd7	27607	16553	305		2	1	2	127	6	7	2	9	7f6	
df6_6bf5	27637	16553	306		1	2	2	223	6	7	2	9	df6	
fd6_6bfe	27646	16553	306		1	1	2	253	6	7	2	9	fd6	
bf6_6c26	27686	16553	306		1	1	2	191	6	7	2	9	bf6	
ef6_6c79	27769	16553	307		0	1	1	239	6	7	2	9	ef6	
df6_6c99	27801	16553	307		0	1	1	223	6	7	2	9	df6	
ff12_4116	16662	5110	217	245	28	0	188	255	18	8	2	10	ff12	
ff14_41b3	16819	5110	218	243	25	0	112	255	20	8	2	10	ff14	
ff34_4c03	19459	16819	239		68	11	867	255	52	8	3	11	ff34	
ff36_4207	16903	5110	219	229	10	0	28	255	54	8	4	12	ff36	
ff17_42ab	17067	5110	220		87	46	1468	255	23	8	4	12	ff17	
ff37_58e8	22760	17067	266	267	1	0	1	255	55	8	5	13	ff37	
ff37_6bb4	27572	17067	305		2	2	3	255	55	8	5	13	ff37	
ff6_4352	17234	5110	221		86	205	5079	255	6	8	2	10	ff6	
ff2_66e4	26340	17234	295		12	3	28	255	2	8	1	9	ff2	
ff26_66ed	26349	17234	295		12	7	26	255	38	8	3	11	ff26	
f76_6b94	27540	17234	305		2	1	1	247	6	7	2	9	f76	
ff4_6bb1	27569	17234	305		2	5	5	255	4	8	1	9	ff4	
ff4_6be8	27624	17234	305		2	1	1	255	4	8	1	9	ff4	
ff16_6c24	27684	17234	306		1	3	4	255	22	8	3	11	ff16	
ff16_6c64	27748	17234	307		0	1	3	255	22	8	3	11	ff16	
f76_6cb8	27832	17234	307		0	1	1	247	6	7	2	9	f76	
ff6_43e2	17378	5110	223	261	38	0	282	255	6	8	2	10	ff6	
ff17_43ed	17389	5110	223	272	49	0	428	255	23	8	4	12	ff17	
7f16_468f	18063	5110	228	277	49	0	196	127	22	7	3	10	7f16	
ff14_4693	18067	5110	228	291	63	0	321	255	20	8	2	10	ff14	
ff6_46c6	18118	5110	228	240	12	0	13	255	6	8	2	10	ff6	
bf16_474d	18253	5110	229	243	14	0	7	191	22	7	3	10	bf16	
ff1e_48b3	18611	5110	232	265	33	0	231	255	30	8	4	12	ff1e	
7f16_4955	18773	5110	234	236	2	0	2	127	22	7	3	10	7f16	
fd16_49bc	18876	5110	235	245	10	0	12	253	22	7	3	10	fd16	
ff14_49d4	18900	5110	235	244	9	0	18	255	20	8	2	10	ff14	
ff56_4a3e	19006	5110	236	281	45	0	199	255	86	8	4	12	ff56	
ff6_4a79	19065	5110	236		71	101	1655	255	6	8	2	10	ff6	
fb6_6cc0	27840	19065	307		0	1	1	251	6	7	2	9	fb6	
ff12_4b98	19352	5110	238	242	4	0	6	255	18	8	2	10	ff12	
ff36_4bb0	19376	5110	239	273	34	0	171	255	54	8	4	12	ff36	
ff36_4c09	19465	5110	239	268	29	0	187	255	54	8	4	12	ff36	
ff36_4c86	19590	5110	240	243	3	0	3	255	54	8	4	12	ff36	
7f16_4d1b	19739	5110	242	269	27	0	109	127	22	7	3	10	7f16	
ff6_4d26	19750	5110	242		65	160	3647	255	6	8	2	10	ff6	
f76_6c62	27746	19750	307		0	1	1	247	6	7	2	9	f76	
7f16_4d5d	19805	5110	242	272	30	0	106	127	22	7	3	10	7f16	
ff14_4d6e	19822	5110	242	251	9	0	15	255	20	8	2	10	ff14	
ff36_4dca	19914	5110	243	254	11	0	23	255	54	8	4	12	ff36	
ff17_4efc	20220	5110	246		61	32	1109	255	23	8	4	12	ff17	
ff15_5816	22550	20220	264	267	3	0	1	255	21	8	3	11	ff15	
ff14_5142	20802	5110	250	260	10	0	6	255	20	8	2	10	ff14	
7f16_51d2	20946	5110	251		56	1	455	127	22	7	3	10	7f16	
fd16_523c	21052	5110	252	256	4	0	2	253	22	7	3	10	fd16	
ff14_5265	21093	5110	252		55	5	300	255	20	8	2	10	ff14	
ff14_533e	21310	5110	254	281	27	0	130	255	20	8	2	10	ff14	
ff14_542b	21547	5110	256		51	6	205	255	20	8	2	10	ff14	
ff17_547b	21627	5110	257		50	11	554	255	23	8	4	12	ff17	
ff6_54da	21722	5110	258	298	40	0	204	255	6	8	2	10	ff6	
ff4_5c60	23648	21722	273		34	41	490	255	4	8	1	9	ff4	
ff6_68ba	26810	23648	299		8	8	32	255	6	8	2	10	ff6	
ff12_584b	22603	5110	265	297	32	0	169	255	18	8	2	10	ff12	
ff6_58f6	22774	5110	266		41	74	726	255	6	8	2	10	ff6	
ff86_6bb8	27576	22774	305		2	1	2	255	134	8	3	11	ff86	
ff6_5b1c	23324	5110	270		37	2	219	255	6	8	2	10	ff6	
ff1e_5b1e	23326	5110	270		37	7	284	255	30	8	4	12	ff1e	
ff14_5cad	23725	5110	274		33	6	217	255	20	8	2	10	ff14	
ff12_5cff	23807	5110	274		33	49	258	255	18	8	2	10	ff12	
ff1e_5d4c	23884	5110	275		32	71	714	255	30	8	4	12	ff1e	
ff12_5d4f	23887	5110	275	280	5	0	4	255	18	8	2	10	ff12	
ff6_5d9e	23966	5110	275	302	27	0	99	255	6	8	2	10	ff6	
ff1e_5dee	24046	5110	276	278	2	0	1	255	30	8	4	12	ff1e	
bf16_5e9c	24220	5110	277	283	6	0	6	191	22	7	3	10	bf16	
ff17_5f2c	24364	5110	279		28	10	171	255	23	8	4	12	ff17	
7f16_5f88	24456	5110	279	302	23	0	56	127	22	7	3	10	7f16	
7f17_67f5	26613	24456	297		10	5	23	127	23	7	4	11	7f17	
ff14_6076	24694	5110	281		26	21	236	255	20	8	2	10	ff14	
ff15_653c	25916	24694	291	293	2	0	2	255	21	8	3	11	ff15	
ff1e_6394	25492	5110	287		20	5	48	255	30	8	4	12	ff1e	
7f1e_6bf9	27641	25492	306		1	2	3	127	30	7	4	11	7f1e	
ff14_648f	25743	5110	289		18	17	133	255	20	8	2	10	ff14	
ff96_65b8	26040	5110	292		15	3	24	255	150	8	4	12	ff96	
ff14_6609	26121	5110	293		14	48	103	255	20	8	2	10	ff14	
ff1c_6b5e	27486	26121	304		3	1	3	255	28	8	3	11	ff1c	
ff56_661b	26139	5110	293		14	5	27	255	86	8	4	12	ff56	
ff1e_668c	26252	5110	294		13	3	43	255	30	8	4	12	ff1e	
ff12_66af	26287	5110	294		13	6	26	255	18	8	2	10	ff12	
ff1e_66ee	26350	5110	295		12	3	36	255	30	8	4	12	ff1e	
ff6_67d1	26577	5110	296		11	6	34	255	6	8	2	10	ff6	
ff17_6803	26627	5110	297		10	12	55	255	23	8	4	12	ff17	
ff14_6835	26677	5110	297		10	2	24	255	20	8	2	10	ff14	
ff1c_6c9a	27802	26677	307		0	2	2	255	28	8	3	11	ff1c	
7f16_6867	26727	5110	298	307	9	0	37	127	22	7	3	10	7f16	
7f14_6a78	27256	26727	302		5	2	8	127	20	7	2	9	7f14	
ff17_689d	26781	5110	298		9	4	34	255	23	8	4	12	ff17	
f716_6933	26931	5110	300		7	3	6	247	22	7	3	10	f716	
ff12_69d1	27089	5110	301		6	5	17	255	18	8	2	10	ff12	
ff36_6a02	27138	5110	301		6	1	9	255	54	8	4	12	ff36	
ff36_6a56	27222	5110	302		5	2	6	255	54	8	4	12	ff36	
ff36_6a65	27237	5110	302		5	3	4	255	54	8	4	12	ff36	
ff36_6a9b	27291	5110	303		4	2	5	255	54	8	4	12	ff36	
df16_6a9d	27293	5110	303		4	1	2	223	22	7	3	10	df16	
ff1e_6ae9	27369	5110	303		4	1	4	255	30	8	4	12	ff1e	
ff14_6b05	27397	5110	304		3	4	10	255	20	8	2	10	ff14	
ff1e_6b3d	27453	5110	304		3	5	9	255	30	8	4	12	ff1e	
fd16_6b78	27512	5110	305		2	1	2	253	22	7	3	10	fd16	
ff56_6b8d	27533	5110	305		2	1	3	255	86	8	4	12	ff56	
ff36_6b93	27539	5110	305		2	1	4	255	54	8	4	12	ff36	
ff6_6ba1	27553	5110	305		2	2	5	255	6	8	2	10	ff6	
ff56_6bb5	27573	5110	305		2	3	4	255	86	8	4	12	ff56	
ff17_6bb7	27575	5110	305		2	2	3	255	23	8	4	12	ff17	
f716_6bc6	27590	5110	305		2	1	2	247	22	7	3	10	f716	
ff1e_6bda	27610	5110	305		2	2	3	255	30	8	4	12	ff1e	
ff14_6bdc	27612	5110	305		2	1	2	255	20	8	2	10	ff14	
ff17_6be5	27621	5110	305		2	2	4	255	23	8	4	12	ff17	
f716_6bfc	27644	5110	306		1	2	2	247	22	7	3	10	f716	
7f16_6c12	27666	5110	306		1	1	3	127	22	7	3	10	7f16	
ff1e_6c15	27669	5110	306		1	1	2	255	30	8	4	12	ff1e	
ff1e_6c1c	27676	5110	306		1	2	2	255	30	8	4	12	ff1e	
bf16_6c23	27683	5110	306		1	1	1	191	22	7	3	10	bf16	
f716_6c34	27700	5110	306		1	1	1	247	22	7	3	10	f716	
ff56_6c4f	27727	5110	306		1	1	1	255	86	8	4	12	ff56	
ff6_6c53	27731	5110	306		1	1	3	255	6	8	2	10	ff6	
bf16_6c63	27747	5110	307		0	1	1	191	22	7	3	10	bf16	
ff17_6c67	27751	5110	307		0	1	1	255	23	8	4	12	ff17	
ff14_6c80	27776	5110	307		0	1	1	255	20	8	2	10	ff14	
ff56_6c8a	27786	5110	307		0	1	1	255	86	8	4	12	ff56	
ff6_6c8d	27789	5110	307		0	1	1	255	6	8	2	10	ff6	
ff17_6c93	27795	5110	307		0	1	1	255	23	8	4	12	ff17	
ff17_6c95	27797	5110	307		0	1	1	255	23	8	4	12	ff17	
fe16_6c9f	27807	5110	307		0	1	1	254	22	7	3	10	fe16	
fe16_6ca0	27808	5110	307		0	1	1	254	22	7	3	10	fe16	
f716_6cc7	27847	5110	307		0	1	1	247	22	7	3	10	f716	
ff96_6cce	27854	5110	307		0	1	1	255	150	8	4	12	ff96	
ff14_6cd3	27859	5110	307		0	1	1	255	20	8	2	10	ff14	
ff37_17cd	6093	3034	117	186	69	0	502	255	55	8	5	13	ff37	
ff3e_1a6a	6762	3034	126	213	87	0	753	255	62	8	5	13	ff3e	
ff16_2689	9865	3034	160		147	15	2056	255	22	8	3	11	ff16	
ff32_2a55	10837	3034	169	212	43	0	193	255	50	8	3	11	ff32	
ff16_2bac	11180	3034	172	175	3	0	3	255	22	8	3	11	ff16	
7f36_2c02	11266	3034	172	199	27	0	152	127	54	7	4	11	7f36	
ff37_3337	13111	3034	188	218	30	0	115	255	55	8	5	13	ff37	
ff34_4027	16423	3034	215	219	4	0	4	255	52	8	3	11	ff34	
ff57_9a0	2464	674	76	118	42	0	177	255	87	8	5	13	ff57	
fd57_a04	2564	2464	77	100	23	0	95	253	87	7	5	12	fd57	
ff57_e11	3601	2564	89	187	98	0	503	255	87	8	5	13	ff57	
ff47_e0d	3597	2464	89	272	183	0	4317	255	71	8	4	12	ff47	
fd47_150a	5386	3597	108	115	7	0	7	253	71	7	4	11	fd47	
7f47_1b33	6963	3597	129	201	72	0	672	127	71	7	4	11	7f47	
7f4f_1e7e	7806	6963	139	159	20	0	99	127	79	7	5	12	7f4f	
7d47_2dc5	11717	6963	176	256	80	0	529	125	71	6	4	10	7d47	
ff37_a14	2580	674	77	238	161	0	2058	255	55	8	5	13	ff37	
ff36_1418	5144	2580	106	194	88	0	1159	255	54	8	4	12	ff36	
ff32_1aaa	6826	5144	126	278	152	0	5907	255	50	8	3	11	ff32	
ff30_2924	10532	6826	166	231	65	0	619	255	48	8	2	10	ff30	
ff36_2c43	11331	6826	173	181	8	0	8	255	54	8	4	12	ff36	
ff12_330d	13069	6826	187	221	34	0	115	255	18	8	2	10	ff12	
7f32_3752	14162	6826	197	227	30	0	115	127	50	7	3	10	7f32	
7f37_1c84	7300	2580	133	175	42	0	191	127	55	7	5	12	7f37	
ff27_283a	10298	2580	164	213	49	0	334	255	39	8	4	12	ff27	
df77_b4d	2893	674	81	116	35	0	139	223	119	7	6	13	df77	
7f77_be6	3046	674	82	222	140	0	3568	127	119	7	6	13	7f77	
3f77_23f4	9204	3046	154	204	50	0	152	63	119	6	6	12	3f77	
3f73_3881	14465	9204	199	230	31	0	201	63	115	6	5	11	3f73	
7f76_29a9	10665	3046	167	272	105	0	1566	127	118	7	5	12	7f76	
5f76_329a	12954	10665	186	188	2	0	1	95	118	6	5	11	5f76	
5f66_3376	13174	12954	188	227	39	0	143	95	102	6	4	10	5f66	
3f76_3ff6	16374	10665	214	264	50	0	457	63	118	6	5	11	3f76	
bf76_4617	17943	16374	227	233	6	0	6	191	118	7	5	12	bf76	
ff73_d10	3344	674	86	146	60	0	318	255	115	8	5	13	ff73	
ff67_df1	3569	674	88	118	30	0	98	255	103	8	5	13	ff67	
7f67_13a0	5024	3569	104	217	113	0	1711	127	103	7	5	12	7f67	
ff57_e5a	3674	674	90	137	47	0	223	255	87	8	5	13	ff57	
ff17_18d8	6360	3674	121		186	840	108179	255	23	8	4	12	ff17	
7f17_220d	8717	6360	149	242	93	0	1322	127	23	7	4	11	7f17	
3f17_4905	18693	8717	233	300	67	0	1011	63	23	6	4	10	3f17	
3e17_5290	21136	18693	253	289	36	0	273	62	23	5	4	9	3e17	
ff7_2b3c	11068	6360	171	213	42	0	130	255	7	8	3	11	ff7	
fb17_2c44	11332	6360	173	173	0	0	1	251	23	7	4	11	fb17	
7f17_2f8a	12170	6360	180	190	10	0	31	127	23	7	4	11	7f17	
7f15_33ac	13228	12170	189	282	93	0	915	127	21	7	3	10	7f15	
ff13_2fa2	12194	6360	180	182	2	0	3	255	19	8	3	11	ff13	
fd17_32e5	13029	6360	187	188	1	0	1	253	23	7	4	11	fd17	
ff1f_32f0	13040	6360	187	199	12	0	37	255	31	8	5	13	ff1f	
ff57_333c	13116	6360	188	242	54	0	143	255	87	8	5	13	ff57	
7f17_3490	13456	6360	191	250	59	0	445	127	23	7	4	11	7f17	
ff37_35c0	13760	6360	193	248	55	0	288	255	55	8	5	13	ff37	
ff3f_4b2e	19246	13760	237	277	40	0	107	255	63	8	6	14	ff3f	
7f17_36ee	14062	6360	196	205	9	0	8	127	23	7	4	11	7f17	
fd17_3a0e	14862	6360	202	207	5	0	1	253	23	7	4	11	fd17	
ff13_3acb	15051	6360	204		103	7	1008	255	19	8	3	11	ff13	
ff7_3b0f	15119	6360	204	213	9	0	13	255	7	8	3	11	ff7	
7f17_3b22	15138	6360	204	245	41	0	148	127	23	7	4	11	7f17	
df17_3e43	15939	6360	211	212	1	0	1	223	23	7	4	11	df17	
5f17_3ebb	16059	15939	212	299	87	0	1395	95	23	6	4	10	5f17	
1f17_6124	24868	16059	283		24	82	1045	31	23	5	4	9	1f17	
1e17_6ac8	27336	24868	303		4	6	17	30	23	4	4	8	1e17	
1d17_6b3a	27450	24868	304		3	1	6	29	23	4	4	8	1d17	
1717_6c88	27784	24868	307		0	1	1	23	23	4	4	8	1717	
ff57_3ebe	16062	6360	212	236	24	0	48	255	87	8	5	13	ff57	
ff55_410e	16654	16062	217	271	54	0	241	255	85	8	4	12	ff55	
7f17_3ee9	16105	6360	212	240	28	0	152	127	23	7	4	11	7f17	
ff7_3f53	16211	6360	213		94	40	1314	255	7	8	3	11	ff7	
ff37_4018	16408	6360	215	231	16	0	28	255	55	8	5	13	ff37	
ff7_416b	16747	6360	217	274	57	0	419	255	7	8	3	11	ff7	
ff16_4245	16965	6360	219	273	54	0	184	255	22	8	3	11	ff16	
ff16_4408	17416	6360	223		84	54	1969	255	22	8	3	11	ff16	
ff6_65f3	26099	17416	292		15	18	68	255	6	8	2	10	ff6	
7f16_6b54	27476	17416	304		3	2	5	127	22	7	3	10	7f16	
fd16_6c3c	27708	17416	306		1	1	1	253	22	7	3	10	fd16	
ff16_445f	17503	6360	224	307	83	0	382	255	22	8	3	11	ff16	
ff1f_44ec	17644	6360	225	248	23	0	123	255	31	8	5	13	ff1f	
ff37_4674	18036	6360	228	230	2	0	2	255	55	8	5	13	ff37	
ff13_4880	18560	6360	232		75	16	1150	255	19	8	3	11	ff13	
ff13_492b	18731	6360	233	235	2	0	1	255	19	8	3	11	ff13	
ff37_49b4	18868	6360	235	268	33	0	219	255	55	8	5	13	ff37	
7f17_4ccb	19659	6360	241	301	60	0	208	127	23	7	4	11	7f17	
ff37_4d2e	19758	6360	242	251	9	0	19	255	55	8	5	13	ff37	
ff13_4d3d	19773	6360	242		65	30	952	255	19	8	3	11	ff13	
ff15_4e67	20071	6360	244	296	52	0	242	255	21	8	3	11	ff15	
ff37_5144	20804	6360	250	286	36	0	300	255	55	8	5	13	ff37	
ff15_51b2	20914	6360	251		56	53	1023	255	21	8	3	11	ff15	
ff17_5d97	23959	20914	275		32	60	539	255	23	8	4	12	ff17	
ff13_6b98	27544	23959	305		2	1	2	255	19	8	3	11	ff13	
ff16_541a	21530	6360	256	276	20	0	88	255	22	8	3	11	ff16	
ff7_5439	21561	6360	256		51	121	1578	255	7	8	3	11	ff7	
ff3_6940	26944	21561	300		7	3	14	255	3	8	2	10	ff3	
fb17_550d	21773	6360	258	265	7	0	6	251	23	7	4	11	fb17	
ff13_565d	22109	6360	261	302	41	0	198	255	19	8	3	11	ff13	
ff3_5f36	24374	22109	279		28	25	156	255	3	8	2	10	ff3	
ff1f_5db8	23992	6360	276		31	14	162	255	31	8	5	13	ff1f	
bf1f_6c6a	27754	23992	307		0	2	2	191	31	7	5	12	bf1f	
ff15_64ba	25786	6360	290		17	1	52	255	21	8	3	11	ff15	
ff7_64bc	25788	6360	290		17	8	89	255	7	8	3	11	ff7	
ff5_6a9f	27295	25788	303		4	2	4	255	5	8	2	10	ff5	
ff37_693e	26942	6360	300		7	2	9	255	55	8	5	13	ff37	
ff27_6cc1	27841	26942	307		0	1	1	255	39	8	4	12	ff27	
ff7_6967	26983	6360	300		7	2	9	255	7	8	3	11	ff7	
ff13_69bf	27071	6360	301		6	1	11	255	19	8	3	11	ff13	
7f17_69d9	27097	6360	301		6	3	8	127	23	7	4	11	7f17	
ff37_6a23	27171	6360	302		5	2	16	255	55	8	5	13	ff37	
f717_6b0b	27403	6360	304		3	1	3	247	23	7	4	11	f717	
fd17_6c3e	27710	6360	306		1	1	1	253	23	7	4	11	fd17	
ff15_6c4c	27724	6360	306		1	1	1	255	21	8	3	11	ff15	
ff7_6c4e	27726	6360	306		1	1	2	255	7	8	3	11	ff7	
7f17_6c5e	27742	6360	306		1	1	1	127	23	7	4	11	7f17	
ff13_6c9b	27803	6360	307		0	1	1	255	19	8	3	11	ff13	
ff1f_6ccc	27852	6360	307		0	1	1	255	31	8	5	13	ff1f	
7f17_6cd7	27863	6360	307		0	1	1	127	23	7	4	11	7f17	
7f77_f08	3848	674	91		216	8	9673	127	119	7	6	13	7f77	
7f7f_15c7	5575	3848	111	137	26	0	142	127	127	7	7	14	7f7f	
ff77_5d44	23876	3848	275	281	6	0	6	255	119	8	6	14	ff77	
5f77_6a50	27216	3848	302		5	4	10	95	119	6	6	12	5f77	
5f75_6bf3	27635	27216	306		1	2	2	95	117	6	5	11	5f75	
7f77_f43	3907	674	92	118	26	0	152	127	119	7	6	13	7f77	
ef77_fd9	4057	674	94	141	47	0	251	239	119	7	6	13	ef77	
ff57_ffa	4090	674	94	203	109	0	3092	255	87	8	5	13	ff57	
ff55_18a4	6308	4090	120	171	51	0	196	255	85	8	4	12	ff55	
ff67_105c	4188	674	95	155	60	0	531	255	103	8	5	13	ff67	
7f67_1836	6198	4188	119	275	156	0	2509	127	103	7	5	12	7f67	
7f47_33b8	13240	6198	189	215	26	0	110	127	71	7	4	11	7f47	
7f77_37be	14270	6198	198	244	46	0	272	127	119	7	6	13	7f77	
7f67_192b	6443	4188	122	160	38	0	231	127	103	7	5	12	7f67	
ff73_11ae	4526	674	99	158	59	0	459	255	115	8	5	13	ff73	
ff76_11bb	4539	674	99	106	7	0	15	255	118	8	5	13	ff76	
ff75_141d	5149	674	106	119	13	0	33	255	117	8	5	13	ff75	
ff75_174a	5962	674	115	160	45	0	204	255	117	8	5	13	ff75	
7f77_186d	6253	674	119	158	39	0	235	127	119	7	6	13	7f77	
ff37_19cf	6607	674	124	289	165	0	5426	255	55	8	5	13	ff37	
ff33_2dbf	11711	6607	176	215	39	0	168	255	51	8	4	12	ff33	
ff27_3232	12850	6607	185	187	2	0	2	255	39	8	4	12	ff27	
bf37_40ba	16570	6607	216	222	6	0	4	191	55	7	5	12	bf37	
ff33_4227	16935	6607	219	251	32	0	117	255	51	8	4	12	ff33	
ff27_4417	17431	6607	223		84	138	4897	255	39	8	4	12	ff27	
ff7_4efe	20222	17431	246		61	26	1475	255	7	8	3	11	ff7	
bf7_6b3b	27451	20222	304		3	3	3	191	7	7	3	10	bf7	
fff_6c7d	27773	20222	307		0	1	1	255	15	8	4	12	fff	
ff23_4fc9	20425	17431	247	272	25	0	115	255	35	8	3	11	ff23	
7f27_5b79	23417	17431	271		36	2	158	127	39	7	4	11	7f27	
ff2f_5f08	24328	17431	278	288	10	0	5	255	47	8	5	13	ff2f	
f727_6b9d	27549	17431	305		2	2	2	247	39	7	4	11	f727	
ff7f_24f3	9459	674	156	161	5	0	2	255	127	8	7	15	ff7f	
ff73_2542	9538	674	157	161	4	0	4	255	115	8	5	13	ff73	
ff7e_334	820	140	50	97	47	0	185	255	126	8	6	14	ff7e	
7f7f_3c7	967	140	53	135	82	0	680	127	127	7	7	14	7f7f	
ff6f_3f6	1014	140	54	204	150	0	2020	255	111	8	6	14	ff6f	
7f7f_505	1285	140	59	202	143	0	7344	127	127	7	7	14	7f7f	
777f_55e	1374	1285	61	155	94	0	1673	119	127	6	7	13	777f	
677f_fb4	4020	1374	93	118	25	0	129	103	127	5	7	12	677f	
7f7b_1037	4151	1285	95	304	209	0	2755	127	123	7	6	13	7f7b	
7f73_58fb	22779	4151	266	297	31	0	117	127	115	7	5	12	7f73	
777f_13f1	5105	1285	105	139	34	0	145	119	127	6	7	13	777f	
7e7f_17d6	6102	1285	117	220	103	0	1620	126	127	6	7	13	7e7f	
7fff_1b81	7041	1285	130	158	28	0	117	127	255	7	8	15	7fff	
7e7f_1ed1	7889	1285	140	208	68	0	303	126	127	6	7	13	7e7f	
ff7e_524	1316	140	60	92	32	0	117	255	126	8	6	14	ff7e	
ff7d_53e	1342	140	60	96	36	0	99	255	125	8	6	14	ff7d	
7f7f_624	1572	140	64	202	138	0	1957	127	127	7	7	14	7f7f	
ff7e_675	1653	140	65	157	92	0	1498	255	126	8	6	14	ff7e	
7f7e_12da	4826	1653	102	263	161	0	2391	127	126	7	6	13	7f7e	
7f5e_3cfe	15614	4826	208	259	51	0	240	127	94	7	5	12	7f5e	
3f7e_3e01	15873	4826	210		97	49	2706	63	126	6	6	12	3f7e	
377e_464e	17998	15873	228	240	12	0	49	55	126	5	6	11	377e	
377e_51a4	20900	15873	251	286	35	0	209	55	126	5	6	11	377e	
3f7a_5319	21273	15873	254		53	3	318	63	122	6	5	11	3f7a	
3f6e_6b9f	27551	15873	305		2	2	3	63	110	6	5	11	3f6e	
3f7f_6bfd	27645	15873	306		1	1	3	63	127	6	7	13	3f7f	
ef7f_676	1654	140	65	68	3	0	5	239	127	7	7	14	ef7f	
7f7f_681	1665	140	66	223	157	0	9086	127	127	7	7	14	7f7f	
7e7f_f22	3874	1665	92	93	1	0	3	126	127	6	7	13	7e7f	
7f7b_fba	4026	1665	93	121	28	0	68	127	123	7	6	13	7f7b	
7b7f_105b	4187	1665	95	234	139	0	2049	123	127	6	7	13	7b7f	
7b7b_16b2	5810	4187	113	137	24	0	125	123	123	6	6	12	7b7b	
3b7f_21f9	8697	4187	149		158	22	9359	59	127	5	7	12	3b7f	
397f_377f	14207	8697	197		110	1	2146	57	127	4	7	11	397f	
387f_4030	16432	14207	215	268	53	0	318	56	127	3	7	10	387f	
387e_524d	21069	16432	252	275	23	0	59	56	126	3	6	9	387e	
3b5f_3d07	15623	8697	208	209	1	0	1	59	95	5	6	11	3b5f	
3b7e_48ed	18669	8697	233	282	49	0	136	59	126	5	6	11	3b7e	
397f_4b6e	19310	8697	238	279	41	0	139	57	127	4	7	11	397f	
3bff_5565	21861	8697	259	260	1	0	1	59	255	5	8	13	3bff	
337f_6367	25447	8697	287		20	3	48	51	127	4	7	11	337f	
3b7d_6791	26513	8697	296		11	8	42	59	125	5	6	11	3b7d	
7d7f_13dc	5084	1665	105	128	23	0	108	125	127	6	7	13	7d7f	
3f7f_1778	6008	1665	116	165	49	0	419	63	127	6	7	13	3f7f	
ff7f_188d	6285	1665	120	138	18	0	75	255	127	8	7	15	ff7f	
ff6f_1b44	6980	6285	129	179	50	0	303	255	111	8	6	14	ff6f	
7f7b_188e	6286	1665	120	143	23	0	138	127	123	7	6	13	7f7b	
3f7f_27a1	10145	1665	163		144	74	6223	63	127	6	7	13	3f7f	
3f6f_3437	13367	10145	190	253	63	0	386	63	111	6	6	12	3f6f	
3d7f_613b	24891	10145	283	283	0	0	1	61	127	5	7	12	3d7f	
3f6f_6ac1	27329	10145	303		4	4	16	63	111	6	6	12	3f6f	
7f6f_6c5f	27743	27329	306		1	1	1	127	111	7	6	13	7f6f	
7f7f_6bb3	27571	10145	305		2	1	1	127	127	7	7	14	7f7f	
6f7f_2955	10581	1665	167	225	58	0	325	111	127	6	7	13	6f7f	
7f7d_2a31	10801	1665	168	200	32	0	175	127	125	7	6	13	7f7d	
7f7b_2c88	11400	1665	174	178	4	0	5	127	123	7	6	13	7f7b	
ef7f_6c0	1728	140	66	89	23	0	50	239	127	7	7	14	ef7f	
7f7f_6e4	1764	140	67	252	185	0	8157	127	127	7	7	14	7f7f	
777f_f09	3849	1764	91	173	82	0	590	119	127	6	7	13	777f	
777f_1855	6229	1764	119	166	47	0	291	119	127	6	7	13	777f	
7777_1d2a	7466	6229	135	139	4	0	8	119	119	6	6	12	7777	
7f77_3386	13190	1764	188	267	79	0	398	127	119	7	6	13	7f77	
ff5f_724	1828	140	68	94	26	0	134	255	95	8	6	14	ff5f	
ff6f_746	1862	140	68	159	91	0	526	255	111	8	6	14	ff6f	
ff3f_782	1922	140	69	282	213	0	12867	255	63	8	6	14	ff3f	
ff3b_1da0	7584	1922	136	220	84	0	1026	255	59	8	5	13	ff3b	
ff1f_282a	10282	1922	164	188	24	0	105	255	31	8	5	13	ff1f	
fe7f_7be	1982	140	69	104	35	0	306	254	127	7	7	14	fe7f	
ef7f_8c5	2245	140	73	126	53	0	175	239	127	7	7	14	ef7f	
ff5f_91a	2330	140	74	101	27	0	239	255	95	8	6	14	ff5f	
fb7f_92f	2351	140	74	115	41	0	203	251	127	7	7	14	fb7f	
7f7f_a1d	2589	140	77	83	6	0	9	127	127	7	7	14	7f7f	
f77f_a2d	2605	140	77	106	29	0	122	247	127	7	7	14	f77f	
f73f_b72	2930	2605	81	122	41	0	170	247	63	7	6	13	f73f	
7f7f_a2e	2606	140	77	286	209	0	7681	127	127	7	7	14	7f7f	
ff7f_1549	5449	2606	109	153	44	0	152	255	127	8	7	15	ff7f	
7f6f_21da	8666	2606	148	260	112	0	2173	127	111	7	6	13	7f6f	
776f_38e4	14564	8666	200	306	106	0	665	119	111	6	6	12	776f	
7767_5ace	23246	14564	270		37	2	107	119	103	6	5	11	7767	
ff6f_4456	17494	8666	224	269	45	0	151	255	111	8	6	14	ff6f	
3f7f_30a3	12451	2606	182		125	37	2772	63	127	6	7	13	3f7f	
1f7f_3aa8	15016	12451	203	231	28	0	105	31	127	5	7	12	1f7f	
3f6f_3e09	15881	12451	210	255	45	0	182	63	111	6	6	12	3f6f	
3f3f_4af3	19187	12451	237	239	2	0	1	63	63	6	6	12	3f3f	
3f7b_6449	25673	12451	289		18	10	57	63	123	6	6	12	3f7b	
1f7f_6ccd	27853	12451	307		0	1	1	31	127	5	7	12	1f7f	
7e7f_39d5	14805	2606	202	206	4	0	4	126	127	6	7	13	7e7f	
7f3f_51e5	20965	2606	251	253	2	0	2	127	63	7	6	13	7f3f	
7f3b_528e	21134	20965	253		54	5	651	127	59	7	5	12	7f3b	
7f7f_aa9	2729	140	78	241	163	0	5802	127	127	7	7	14	7f7f	
7f6f_e38	3640	2729	89	130	41	0	200	127	111	7	6	13	7f6f	
7f6f_ee9	3817	2729	91	148	57	0	523	127	111	7	6	13	7f6f	
7f7d_1032	4146	2729	95	231	136	0	3094	127	125	7	6	13	7f7d	
7b7f_1d3b	7483	2729	135	178	43	0	143	123	127	6	7	13	7b7f	
7f7d_40d1	16593	2729	216	269	53	0	168	127	125	7	6	13	7f7d	
7f5d_4e8d	20109	16593	245	285	40	0	131	127	93	7	5	12	7f5d	
7f7f_b1e	2846	140	80	275	195	0	4743	127	127	7	7	14	7f7f	
7d7f_2022	8226	2846	144	259	115	0	683	125	127	6	7	13	7d7f	
797f_23ff	9215	8226	154	199	45	0	386	121	127	5	7	12	797f	
7f5f_2564	9572	2846	157	209	52	0	206	127	95	7	6	13	7f5f	
7f1f_2db6	11702	9572	176	226	50	0	252	127	31	7	5	12	7f1f	
7f5f_3ca2	15522	11702	207	213	6	0	8	127	95	7	6	13	7f5f	
7f3f_27ba	10170	2846	163	196	33	0	204	127	63	7	6	13	7f3f	
7f77_2e12	11794	2846	177	202	25	0	181	127	119	7	6	13	7f77	
7f3f_43ee	17390	2846	223	260	37	0	147	127	63	7	6	13	7f3f	
fe7f_b56	2902	140	81	111	30	0	115	254	127	7	7	14	fe7f	
ff3f_c63	3171	140	84		223	18	10069	255	63	8	6	14	ff3f	
ff3b_20d1	8401	3171	146	157	11	0	23	255	59	8	5	13	ff3b	
ff7f_383c	14396	3171	199	204	5	0	2	255	127	8	7	15	ff7f	
ff1f_3b92	15250	3171	205	212	7	0	9	255	31	8	5	13	ff1f	
ff37_42e1	17121	3171	220	234	14	0	42	255	55	8	5	13	ff37	
ff3e_4dcb	19915	3171	243	287	44	0	230	255	62	8	5	13	ff3e	
ff7e_cd2	3282	140	85	118	33	0	156	255	126	8	6	14	ff7e	
7f7f_dcf	3535	140	88	132	44	0	450	127	127	7	7	14	7f7f	
ff77_e93	3731	140	90	143	53	0	260	255	119	8	6	14	ff77	
ff5f_eee	3822	140	91	96	5	0	5	255	95	8	6	14	ff5f	
ff3f_f27	3879	140	92	156	64	0	558	255	63	8	6	14	ff3f	
fd7f_f97	3991	140	93	132	39	0	125	253	127	7	7	14	fd7f	
7f7f_fa8	4008	140	93	177	84	0	576	127	127	7	7	14	7f7f	
7e7f_1295	4757	4008	101	144	43	0	171	126	127	6	7	13	7e7f	
ff5f_fee	4078	140	94	96	2	0	1	255	95	8	6	14	ff5f	
7f7f_10ad	4269	140	96	220	124	0	1610	127	127	7	7	14	7f7f	
7f7b_1d13	7443	4269	135	186	51	0	173	127	123	7	6	13	7f7b	
7f7b_254b	9547	4269	157	280	123	0	1375	127	123	7	6	13	7f7b	
ff3f_11db	4571	140	100	263	163	0	3526	255	63	8	6	14	ff3f	
ff1f_28a4	10404	4571	165	200	35	0	112	255	31	8	5	13	ff1f	
ff3e_3b19	15129	4571	204	264	60	0	375	255	62	8	5	13	ff3e	
ff5f_12b1	4785	140	102	196	94	0	1323	255	95	8	6	14	ff5f	
ff5f_1363	4963	140	104	120	16	0	63	255	95	8	6	14	ff5f	
7f7f_1373	4979	140	104	125	21	0	44	127	127	7	7	14	7f7f	
7f3f_1534	5428	4979	109	257	148	0	4039	127	63	7	6	13	7f3f	
5f3f_203f	8255	5428	144	212	68	0	175	95	63	6	6	12	5f3f	
6f3f_21f5	8693	5428	149	159	10	0	26	111	63	6	6	12	6f3f	
7f3b_26e5	9957	5428	161	288	127	0	1234	127	59	7	5	12	7f3b	
3f3b_5d02	23810	9957	274	299	25	0	106	63	59	6	5	11	3f3b	
5f3f_27ae	10158	5428	163	169	6	0	8	95	63	6	6	12	5f3f	
3f3f_386f	14447	5428	199		108	56	3046	63	63	6	6	12	3f3f	
3f3b_53d3	21459	14447	255	300	45	0	453	63	59	6	5	11	3f3b	
2f3f_60f0	24816	14447	282	291	9	0	29	47	63	5	6	11	2f3f	
3e3f_6a63	27235	14447	302		5	1	8	62	63	5	6	11	3e3f	
ff3f_40e9	16617	5428	216	266	50	0	138	255	63	8	6	14	ff3f	
7f7f_1396	5014	140	104	140	36	0	206	127	127	7	7	14	7f7f	
df7f_1425	5157	140	106	112	6	0	9	223	127	7	7	14	df7f	
ff6f_1461	5217	140	107	167	60	0	452	255	111	8	6	14	ff6f	
ff3f_14f1	5361	140	108	207	99	0	3282	255	63	8	6	14	ff3f	
7f7f_14fa	5370	140	108	119	11	0	14	127	127	7	7	14	7f7f	
ff7e_1533	5427	140	109	173	64	0	380	255	126	8	6	14	ff7e	
fb7f_1769	5993	140	116	127	11	0	14	251	127	7	7	14	fb7f	
ff3f_1962	6498	140	122	123	1	0	1	255	63	8	6	14	ff3f	
7f7f_19ce	6606	140	124	180	56	0	399	127	127	7	7	14	7f7f	
7b7f_25f8	9720	6606	158	192	34	0	210	123	127	6	7	13	7b7f	
ff6f_19ed	6637	140	124	158	34	0	134	255	111	8	6	14	ff6f	
7f7f_2305	8965	140	151	177	26	0	102	127	127	7	7	14	7f7f	
ffbf_93	147	1	29	57	28	0	168	255	191	8	7	15	ffbf	
feff_a3	163	1	30	60	30	0	206	254	255	7	8	15	feff	
efff_a9	169	1	30	106	76	0	446	239	255	7	8	15	efff	
fffd_b0	176	1	31	64	33	0	238	255	253	8	7	15	fffd	
fefd_306	774	176	49	124	75	0	1070	254	253	7	7	14	fefd	
ff7f_b5	181	1	31	135	104	0	2086	255	127	8	7	15	ff7f	
ff7b_c3b	3131	181	83	116	33	0	118	255	123	8	6	14	ff7b	
df7f_d69	3433	181	87	98	11	0	22	223	127	7	7	14	df7f	
5f7f_e54	3668	3433	89	114	25	0	128	95	127	6	7	13	5f7f	
5f7b_10f5	4341	3668	97	188	91	0	1104	95	123	6	6	12	5f7b	
bf7f_dae	3502	181	88	110	22	0	60	191	127	7	7	14	bf7f	
ef7f_eab	3755	181	90	99	9	0	15	239	127	7	7	14	ef7f	
feff_b6	182	1	31	108	77	0	375	254	255	7	8	15	feff	
fe7f_1e8	488	182	41	109	68	0	453	254	127	7	7	14	fe7f	
bfff_ba	186	1	31	41	10	0	4	191	255	7	8	15	bfff	
fbff_c0	192	1	32	95	63	0	1718	251	255	7	8	15	fbff	
fdff_c2	194	1	32	79	47	0	173	253	255	7	8	15	fdff	
fbff_c8	200	1	32	56	24	0	105	251	255	7	8	15	fbff	
fdff_cb	203	1	32	98	66	0	237	253	255	7	8	15	fdff	
ffbf_d6	214	1	32	107	75	0	334	255	191	8	7	15	ffbf	
dfff_de	222	1	33	74	41	0	288	223	255	7	8	15	dfff	
dfff_e2	226	1	33	103	70	0	1138	223	255	7	8	15	dfff	
ff7f_e5	229	1	33	153	120	0	7564	255	127	8	7	15	ff7f	
ef7f_4c2	1218	229	58	85	27	0	78	239	127	7	7	14	ef7f	
ed7f_acf	2767	1218	79	118	39	0	110	237	127	6	7	13	ed7f	
ff3f_831	2097	229	71	220	149	0	4017	255	63	8	6	14	ff3f	
7f3f_1084	4228	2097	96	301	205	0	5067	127	63	7	6	13	7f3f	
7f3d_1820	6176	4228	118	251	133	0	796	127	61	7	5	12	7f3d	
7f39_1a3a	6714	6176	125	302	177	0	8884	127	57	7	4	11	7f39	
7f31_3175	12661	6714	184	214	30	0	147	127	49	7	3	10	7f31	
7e39_35dd	13789	6714	193		114	11	961	126	57	6	4	10	7e39	
3e39_392a	14634	13789	200		107	381	15832	62	57	5	4	9	3e39	
3e3b_59d1	22993	14634	268		39	7	333	62	59	5	5	10	3e3b	
3e3a_5ef5	24309	22993	278		29	28	423	62	58	5	4	9	3e3a	
2e39_6668	26216	14634	293		14	8	73	46	57	4	4	8	2e39	
3e29_66e2	26338	14634	295		12	1	23	62	41	5	3	8	3e29	
3e3d_671c	26396	14634	295		12	11	59	62	61	5	5	10	3e3d	
3a39_68d4	26836	14634	299	302	3	0	5	58	57	4	4	8	3a39	
3a38_6a37	27191	26836	302		5	3	11	58	56	4	3	7	3a38	
3e38_693d	26941	14634	300		7	4	14	62	56	5	3	8	3e38	
3e29_6a2f	27183	14634	302		5	3	14	62	41	5	3	8	3e29	
3a39_6a70	27248	14634	302		5	1	4	58	57	4	4	8	3a39	
3639_6b6c	27500	14634	304		3	1	9	54	57	4	4	8	3639	
3f39_6b7f	27519	14634	305		2	3	4	63	57	6	4	10	3f39	
3c39_6bdb	27611	14634	305		2	1	3	60	57	4	4	8	3c39	
3e3d_6beb	27627	14634	305		2	1	5	62	61	5	5	10	3e3d	
3e19_6c07	27655	14634	306		1	6	7	62	25	5	3	8	3e19	
3c39_6c9c	27804	14634	307		0	1	1	60	57	4	4	8	3c39	
3e3d_6cad	27821	14634	307		0	1	1	62	61	5	5	10	3e3d	
3e3b_6cd0	27856	14634	307		0	1	1	62	59	5	5	10	3e3b	
5e39_4fa5	20389	13789	247	281	34	0	179	94	57	5	4	9	5e39	
5e39_6847	26695	13789	297		10	3	21	94	57	5	4	9	5e39	
7f3d_3654	13908	6714	195	280	85	0	813	127	61	7	5	12	7f3d	
7e3d_55c9	21961	13908	260	293	33	0	264	126	61	6	5	11	7e3d	
3e3d_5d96	23958	21961	275		32	4	190	62	61	5	5	10	3e3d	
7f38_3f83	16259	6714	213	235	22	0	173	127	56	7	3	10	7f38	
7e3f_226b	8811	4228	150	194	44	0	124	126	63	6	6	12	7e3f	
7b3f_23d9	9177	4228	153	222	69	0	337	123	63	6	6	12	7b3f	
7f3e_2a9f	10911	4228	170		137	11	4014	127	62	7	5	12	7f3e	
7f2e_5192	20882	10911	251	296	45	0	315	127	46	7	4	11	7f2e	
7fe_6559	25945	20882	291		16	11	87	127	14	7	3	10	7fe	
3f3e_531d	21277	10911	254		53	91	1860	63	62	6	5	11	3f3e	
3f3a_6555	25941	21277	291		16	6	91	63	58	6	4	10	3f3a	
3f3b_6a98	27288	25941	303		4	3	10	63	59	6	5	11	3f3b	
3f3c_6c1d	27677	21277	306		1	1	1	63	60	6	4	10	3f3c	
3f1e_6c49	27721	21277	306		1	1	1	63	30	6	4	10	3f1e	
3d3e_6cc5	27845	21277	307		0	1	1	61	62	5	5	10	3d3e	
7f2f_4778	18296	4228	230	261	31	0	134	127	47	7	5	12	7f2f	
ff37_1a3b	6715	2097	125	271	146	0	1666	255	55	8	5	13	ff37	
7f3f_1a7c	6780	2097	126	160	34	0	156	127	63	7	6	13	7f3f	
fb7f_864	2148	229	72	109	37	0	200	251	127	7	7	14	fb7f	
ff7d_da7	3495	229	88	156	68	0	525	255	125	8	6	14	ff7d	
ff77_12ce	4814	229	102	249	147	0	1269	255	119	8	6	14	ff77	
ff7f_e6	230	1	33	156	123	0	11372	255	127	8	7	15	ff7f	
fd7f_5ad	1453	230	62	95	33	0	139	253	127	7	7	14	fd7f	
fe7f_71b	1819	230	67	132	65	0	453	254	127	7	7	14	fe7f	
ff3f_7bb	1979	230	69	105	36	0	210	255	63	8	6	14	ff3f	
fe7f_805	2053	230	70	103	33	0	110	254	127	7	7	14	fe7f	
ff6f_bcd	3021	230	82	178	96	0	577	255	111	8	6	14	ff6f	
f77f_bdc	3036	230	82	84	2	0	1	247	127	7	7	14	f77f	
ef7f_d0f	3343	230	86	96	10	0	19	239	127	7	7	14	ef7f	
ff3f_fbb	4027	230	93		214	5	10894	255	63	8	6	14	ff3f	
ff37_1e44	7748	4027	138	205	67	0	895	255	55	8	5	13	ff37	
ff17_2c57	11351	7748	173	238	65	0	504	255	23	8	4	12	ff17	
ff1f_4187	16775	4027	218		89	25	1556	255	31	8	5	13	ff1f	
ff1b_544e	21582	16775	256	284	28	0	74	255	27	8	4	12	ff1b	
fd3f_429f	17055	4027	220	224	4	0	4	253	63	7	6	13	fd3f	
ff3f_10d2	4306	230	97	304	207	0	25342	255	63	8	6	14	ff3f	
fe3f_1b9d	7069	4306	130	140	10	0	17	254	63	7	6	13	fe3f	
7f3f_245e	9310	4306	155	230	75	0	692	127	63	7	6	13	7f3f	
fb3f_25e7	9703	4306	158	176	18	0	24	251	63	7	6	13	fb3f	
ff2f_2871	10353	4306	164	203	39	0	450	255	47	8	5	13	ff2f	
7f3f_2b7d	11133	4306	171	262	91	0	1174	127	63	7	6	13	7f3f	
7f3e_3f93	16275	11133	213	256	43	0	146	127	62	7	5	12	7f3e	
7f3f_2ba7	11175	4306	171	175	4	0	7	127	63	7	6	13	7f3f	
ff1f_351d	13597	4306	192	234	42	0	184	255	31	8	5	13	ff1f	
ff1b_3f8f	16271	13597	213	253	40	0	187	255	27	8	4	12	ff1b	
7f3f_3c6b	15467	4306	207	256	49	0	208	127	63	7	6	13	7f3f	
ff2f_3cd9	15577	4306	208	223	15	0	21	255	47	8	5	13	ff2f	
ff3b_4271	17009	4306	219	257	38	0	147	255	59	8	5	13	ff3b	
fe7f_17c2	6082	230	117	126	9	0	16	254	127	7	7	14	fe7f	
ff7e_1aec	6892	230	128	177	49	0	208	255	126	8	6	14	ff7e	
7f7f_1b72	7026	230	129	297	168	0	1878	127	127	7	7	14	7f7f	
7f7b_4467	17511	7026	224	231	7	0	16	127	123	7	6	13	7f7b	
7f5b_4678	18040	17511	228	250	22	0	122	127	91	7	5	12	7f5b	
ffef_e8	232	1	33	97	64	0	247	255	239	8	7	15	ffef	
fbff_e9	233	1	33	109	76	0	1090	251	255	7	8	15	fbff	
ffdf_ec	236	1	33	92	59	0	349	255	223	8	7	15	ffdf	
fdff_ed	237	1	33	95	62	0	626	253	255	7	8	15	fdff	
dfff_f0	240	1	33	38	5	0	3	223	255	7	8	15	dfff	
f7ff_fd	253	1	34	102	68	0	453	247	255	7	8	15	f7ff	
feff_101	257	1	34	63	29	0	217	254	255	7	8	15	feff	
fefd_29e	670	257	46	90	44	0	143	254	253	7	7	14	fefd	
dfff_105	261	1	34	75	41	0	247	223	255	7	8	15	dfff	
f7ff_109	265	1	34	119	85	0	908	247	255	7	8	15	f7ff	
feff_10a	266	1	34	120	86	0	1118	254	255	7	8	15	feff	
feff_10b	267	1	34	61	27	0	215	254	255	7	8	15	feff	
fdff_10d	269	1	34	87	53	0	382	253	255	7	8	15	fdff	
fbff_116	278	1	35	118	83	0	1638	251	255	7	8	15	fbff	
fbf7_2dd	733	278	48	51	3	0	4	251	247	7	7	14	fbf7	
faff_3c9	969	278	53	120	67	0	913	250	255	6	8	14	faff	
faef_60d	1549	969	64	112	48	0	215	250	239	6	7	13	faef	
facf_950	2384	1549	75	112	37	0	261	250	207	6	6	12	facf	
fffd_11c	284	1	35	100	65	0	168	255	253	8	7	15	fffd	
f7ff_127	295	1	35	134	99	0	423	247	255	7	8	15	f7ff	
ffef_129	297	1	35	107	72	0	310	255	239	8	7	15	ffef	
7fef_d83	3459	297	87	142	55	0	451	127	239	7	7	14	7fef	
bfff_12a	298	1	36	78	42	0	129	191	255	7	8	15	bfff	
ffbf_12b	299	1	36	52	16	0	23	255	191	8	7	15	ffbf	
feff_135	309	1	36	62	26	0	110	254	255	7	8	15	feff	
fbff_137	311	1	36	103	67	0	932	251	255	7	8	15	fbff	
fb7f_3f1	1009	311	54	89	35	0	129	251	127	7	7	14	fb7f	
ffff_9a4	2468	311	76	81	5	0	4	255	255	8	8	16	ffff	
fffe_139	313	1	36	115	79	0	408	255	254	8	7	15	fffe	
fefe_89a	2202	313	72	94	22	0	87	254	254	7	7	14	fefe	
f7ff_140	320	1	36	106	70	0	812	247	255	7	8	15	f7ff	
f7ef_34c	844	320	50	79	29	0	115	247	239	7	7	14	f7ef	
ffbf_141	321	1	36	104	68	0	880	255	191	8	7	15	ffbf	
fbbf_4c3	1219	321	58	126	68	0	511	251	191	7	7	14	fbbf	
ff3f_bb0	2992	321	82	273	191	0	7709	255	63	8	6	14	ff3f	
ff2f_1807	6151	2992	118		189	22	7865	255	47	8	5	13	ff2f	
ff2d_30d3	12499	6151	182	227	45	0	235	255	45	8	4	12	ff2d	
ff1f_1c94	7316	2992	133	247	114	0	1945	255	31	8	5	13	ff1f	
ff17_1ffd	8189	7316	143	172	29	0	140	255	23	8	4	12	ff17	
7f1f_3842	14402	7316	199	204	5	0	12	127	31	7	5	12	7f1f	
ff1d_479d	18333	7316	230	232	2	0	1	255	29	8	4	12	ff1d	
ff3b_22ca	8906	2992	151	178	27	0	100	255	59	8	5	13	ff3b	
7f3f_24c3	9411	2992	156	293	137	0	1107	127	63	7	6	13	7f3f	
3f3f_274b	10059	9411	162		145	605	36144	63	63	6	6	12	3f3f	
3d3f_36fa	14074	10059	196	222	26	0	243	61	63	5	6	11	3d3f	
373f_38ba	14522	10059	200		107	182	12067	55	63	5	6	11	373f	
173f_48eb	18667	14522	233		74	113	5393	23	63	4	6	10	173f	
172f_5943	22851	18667	267	300	33	0	285	23	47	4	5	9	172f	
17bf_617d	24957	18667	283	297	14	0	27	23	191	4	7	11	17bf	
173e_64be	25790	18667	290		17	8	103	23	62	4	5	9	173e	
973e_6ca6	27814	25790	307		0	2	2	151	62	5	5	10	973e	
171f_65ae	26030	18667	292		15	20	159	23	31	4	5	9	171f	
373f_6ca5	27813	18667	307		0	2	2	55	63	5	6	11	373f	
371f_4f6b	20331	14522	246	300	54	0	262	55	31	5	5	10	371f	
173f_52cb	21195	14522	253		54	50	1163	23	63	4	6	10	173f	
171f_5fd1	24529	21195	280		27	37	519	23	31	4	5	9	171f	
171f_61ab	25003	21195	283		24	40	464	23	31	4	5	9	171f	
171e_673b	26427	25003	295		12	8	95	23	30	4	4	8	171e	
17e_6a8f	27279	26427	303		4	6	13	23	14	4	3	7	17e	
177f_6b06	27398	21195	304		3	2	4	23	127	4	7	11	177f	
173b_6b1a	27418	21195	304		3	3	8	23	59	4	5	9	173b	
373f_6ccf	27855	21195	307		0	1	1	55	63	5	6	11	373f	
373d_5e3a	24122	14522	277		30	1	84	55	61	5	5	10	373d	
372f_6570	25968	14522	291		16	24	130	55	47	5	5	10	372f	
377f_6674	26228	14522	293		14	6	31	55	127	5	7	12	377f	
377f_685c	26716	14522	298		9	1	15	55	127	5	7	12	377f	
371f_68ae	26798	14522	298		9	6	25	55	31	5	5	10	371f	
373b_6a71	27249	14522	302		5	1	2	55	59	5	5	10	373b	
363f_6b19	27417	14522	304		3	1	6	54	63	4	6	10	363f	
373f_3ccf	15567	10059	208	236	28	0	162	55	63	5	6	11	373f	
3f3d_3e59	15961	10059	211	237	26	0	148	63	61	6	5	11	3f3d	
3f3b_46eb	18155	10059	229	236	7	0	35	63	59	6	5	11	3f3b	
3b3f_4836	18486	10059	231	272	41	0	274	59	63	5	6	11	3b3f	
3f3f_5874	22644	18486	265		42	4	331	63	63	6	6	12	3f3f	
3f3d_4a7d	19069	10059	236	277	41	0	220	63	61	6	5	11	3f3d	
3fbf_4fcf	20431	10059	247	251	4	0	8	63	191	6	7	13	3fbf	
3f3b_5086	20614	10059	249	293	44	0	323	63	59	6	5	11	3f3b	
3f37_518c	20876	10059	251	264	13	0	43	63	55	6	5	11	3f37	
3f36_529f	21151	20876	253		54	7	376	63	54	6	4	10	3f36	
3f2f_51c6	20934	10059	251		56	17	895	63	47	6	5	11	3f2f	
3f2f_55f3	22003	10059	260	278	18	0	106	63	47	6	5	11	3f2f	
373f_5852	22610	10059	265		42	8	241	55	63	5	6	11	373f	
3f7f_587f	22655	10059	265	287	22	0	102	63	127	6	7	13	3f7f	
3f3b_5a1b	23067	10059	268		39	25	458	63	59	6	5	11	3f3b	
373f_5be0	23520	10059	272		35	12	414	55	63	5	6	11	373f	
3f37_5c5f	23647	10059	273	297	24	0	113	63	55	6	5	11	3f37	
3f7f_5e63	24163	10059	277		30	6	180	63	127	6	7	13	3f7f	
3fbf_5f12	24338	10059	279	280	1	0	2	63	191	6	7	13	3fbf	
3f2f_6063	24675	10059	281		26	17	248	63	47	6	5	11	3f2f	
3f3b_60db	24795	10059	282		25	1	62	63	59	6	5	11	3f3b	
1f3f_60f2	24818	10059	282		25	10	179	31	63	5	6	11	1f3f	
3f2f_628d	25229	10059	285		22	13	152	63	47	6	5	11	3f2f	
7f3f_65a3	26019	10059	292		15	4	42	127	63	7	6	13	7f3f	
3b3f_65ef	26095	10059	292		15	4	79	59	63	5	6	11	3b3f	
1f3f_6631	26161	10059	293		14	23	181	31	63	5	6	11	1f3f	
3f3d_6776	26486	10059	296		11	5	34	63	61	6	5	11	3f3d	
3b3f_69af	27055	10059	301		6	1	18	59	63	5	6	11	3b3f	
7f3f_6ac5	27333	10059	303		4	1	3	127	63	7	6	13	7f3f	
7f3f_6b71	27505	10059	304		3	2	3	127	63	7	6	13	7f3f	
3f3b_6bd2	27602	10059	305		2	1	3	63	59	6	5	11	3f3b	
3f3b_6c08	27656	10059	306		1	1	1	63	59	6	5	11	3f3b	
1f3f_6c74	27764	10059	307		0	1	2	31	63	5	6	11	1f3f	
3b3f_6c77	27767	10059	307		0	3	3	59	63	5	6	11	3b3f	
3f7f_6ca8	27816	10059	307		0	1	1	63	127	6	7	13	3f7f	
3fbf_6cc2	27842	10059	307		0	1	1	63	191	6	7	13	3fbf	
ff2f_2591	9617	2992	157	198	41	0	342	255	47	8	5	13	ff2f	
7f3f_2839	10297	2992	164	255	91	0	499	127	63	7	6	13	7f3f	
7f3f_3326	13094	2992	187	224	37	0	178	127	63	7	6	13	7f3f	
ffdf_144	324	1	36	125	89	0	6062	255	223	8	7	15	ffdf	
f7df_3bf	959	324	53	97	44	0	344	247	223	7	7	14	f7df	
fbdf_4e6	1254	324	58	97	39	0	137	251	223	7	7	14	fbdf	
fddf_5e8	1512	324	63	97	34	0	133	253	223	7	7	14	fddf	
ffdb_63e	1598	324	65	119	54	0	420	255	219	8	6	14	ffdb	
7fdf_686	1670	324	66	109	43	0	238	127	223	7	7	14	7fdf	
f7df_809	2057	324	70	89	19	0	36	247	223	7	7	14	f7df	
fedf_887	2183	324	72	85	13	0	39	254	223	7	7	14	fedf	
fbdf_af1	2801	324	79	84	5	0	6	251	223	7	7	14	fbdf	
7fdf_c5c	3164	324	84	156	72	0	872	127	223	7	7	14	7fdf	
fbff_145	325	1	36	67	31	0	205	251	255	7	8	15	fbff	
fff7_14a	330	1	37	81	44	0	131	255	247	8	7	15	fff7	
fbff_14b	331	1	37	58	21	0	83	251	255	7	8	15	fbff	
faff_429	1065	331	55	111	56	0	281	250	255	6	8	14	faff	
f7ff_15d	349	1	37	109	72	0	993	247	255	7	8	15	f7ff	
f5ff_9da	2522	349	76	127	51	0	329	245	255	6	8	14	f5ff	
ff7f_168	360	1	37	130	93	0	2077	255	127	8	7	15	ff7f	
ff7e_695	1685	360	66	101	35	0	354	255	126	8	6	14	ff7e	
bfff_169	361	1	37	65	28	0	131	191	255	7	8	15	bfff	
ffbf_16a	362	1	37	68	31	0	152	255	191	8	7	15	ffbf	
efff_16d	365	1	37	67	30	0	145	239	255	7	8	15	efff	
dfff_172	370	1	38	108	70	0	844	223	255	7	8	15	dfff	
dffd_8d3	2259	370	73	111	38	0	102	223	253	7	7	14	dffd	
f7ff_175	373	1	38	61	23	0	172	247	255	7	8	15	f7ff	
feff_17d	381	1	38	102	64	0	397	254	255	7	8	15	feff	
ffdf_17f	383	1	38	66	28	0	181	255	223	8	7	15	ffdf	
bfff_182	386	1	38	69	31	0	194	191	255	7	8	15	bfff	
bfff_186	390	1	38	45	7	0	9	191	255	7	8	15	bfff	
fbff_189	393	1	38	73	35	0	115	251	255	7	8	15	fbff	
feff_18c	396	1	39	66	27	0	113	254	255	7	8	15	feff	
fdff_19a	410	1	39	93	54	0	389	253	255	7	8	15	fdff	
fdff_19f	415	1	39	104	65	0	394	253	255	7	8	15	fdff	
fdff_1a5	421	1	39	105	66	0	585	253	255	7	8	15	fdff	
feff_1a7	423	1	39	67	28	0	109	254	255	7	8	15	feff	
fdff_1a8	424	1	39	121	82	0	1313	253	255	7	8	15	fdff	
efff_1be	446	1	40	122	82	0	753	239	255	7	8	15	efff	
fbff_1d2	466	1	41	74	33	0	175	251	255	7	8	15	fbff	
feff_1d9	473	1	41	66	25	0	116	254	255	7	8	15	feff	
ffdf_1dc	476	1	41	120	79	0	1182	255	223	8	7	15	ffdf	
ffdd_33c	828	476	50	57	7	0	7	255	221	8	6	14	ffdd	
fddd_42e	1070	828	55	108	53	0	460	253	221	7	6	13	fddd	
ffff_36d	877	476	51	96	45	0	502	255	255	8	8	16	ffff	
ffbf_9fa	2554	877	76	93	17	0	16	255	191	8	7	15	ffbf	
dfbf_def	3567	2554	88	98	10	0	3	223	191	7	7	14	dfbf	
bfdf_8e9	2281	476	73	96	23	0	78	191	223	7	7	14	bfdf	
bfff_b6c	2924	2281	81	82	1	0	2	191	255	7	8	15	bfff	
7fff_1f7	503	1	42	44	2	0	2	127	255	7	8	15	7fff	
dfff_20c	524	1	42	107	65	0	534	223	255	7	8	15	dfff	
f7ff_20d	525	1	42	76	34	0	114	247	255	7	8	15	f7ff	
dfff_21a	538	1	43	116	73	0	805	223	255	7	8	15	dfff	
ff7f_22f	559	1	43	188	145	0	8841	255	127	8	7	15	ff7f	
ff3f_4e3	1251	559	58	287	229	0	46468	255	63	8	6	14	ff3f	
ff1f_961	2401	1251	75		232	2094	302525	255	31	8	5	13	ff1f	
ff1d_18be	6334	2401	120		187	16	8490	255	29	8	4	12	ff1d	
ff3d_26c7	9927	6334	160	224	64	0	836	255	61	8	5	13	ff3d	
ff19_5151	20817	6334	250	284	34	0	280	255	25	8	3	11	ff19	
fe1d_6bf4	27636	6334	306		1	1	2	254	29	7	4	11	fe1d	
ff3f_1eda	7898	2401	140	203	63	0	174	255	63	8	6	14	ff3f	
ff3f_2219	8729	2401	149	189	40	0	117	255	63	8	6	14	ff3f	
ff17_229d	8861	2401	150		157	12	2732	255	23	8	4	12	ff17	
ff7_3a63	14947	8861	203	246	43	0	154	255	7	8	3	11	ff7	
ff13_3abf	15039	8861	203	241	38	0	246	255	19	8	3	11	ff13	
bf17_6b86	27526	8861	305		2	1	2	191	23	7	4	11	bf17	
7f1f_24c0	9408	2401	155	158	3	0	2	127	31	7	5	12	7f1f	
ff17_2765	10085	2401	162		145	18	1502	255	23	8	4	12	ff17	
7f17_45d0	17872	10085	227	275	48	0	245	127	23	7	4	11	7f17	
5f17_53f1	21489	17872	255		52	72	1243	95	23	6	4	10	5f17	
5f16_6a12	27154	21489	302		5	4	16	95	22	6	3	9	5f16	
5f57_6aae	27310	21489	303		4	3	4	95	87	6	5	11	5f57	
ff1b_28c4	10436	2401	165	288	123	0	862	255	27	8	4	12	ff1b	
7f1f_297f	10623	2401	167	214	47	0	380	127	31	7	5	12	7f1f	
ff1d_2c0d	11277	2401	172		135	22	4027	255	29	8	4	12	ff1d	
ffd_5ba3	23459	11277	271		36	32	631	255	13	8	3	11	ffd	
efd_6c30	27696	23459	306		1	1	1	239	13	7	3	10	efd	
ff1d_2c6a	11370	2401	173	213	40	0	154	255	29	8	4	12	ff1d	
ff3f_2c99	11417	2401	174	174	0	0	1	255	63	8	6	14	ff3f	
7f1f_2d62	11618	2401	175	213	38	0	191	127	31	7	5	12	7f1f	
fff_30b0	12464	2401	182	216	34	0	281	255	15	8	4	12	fff	
ff17_30e1	12513	2401	182	307	125	0	1546	255	23	8	4	12	ff17	
fe17_4ece	20174	12513	245	256	11	0	12	254	23	7	4	11	fe17	
ff13_607f	24703	12513	281		26	2	90	255	19	8	3	11	ff13	
ff3f_3237	12855	2401	186	256	70	0	466	255	63	8	6	14	ff3f	
ff1e_3294	12948	2401	186	190	4	0	2	255	30	8	4	12	ff1e	
7f1f_33a4	13220	2401	189	190	1	0	2	127	31	7	5	12	7f1f	
ff1e_340c	13324	2401	189	221	32	0	137	255	30	8	4	12	ff1e	
ff3f_3481	13441	2401	190	222	32	0	152	255	63	8	6	14	ff3f	
7f1f_3494	13460	2401	191	234	43	0	198	127	31	7	5	12	7f1f	
ff1e_349f	13471	2401	191	242	51	0	157	255	30	8	4	12	ff1e	
ff3f_359a	13722	2401	193	199	6	0	10	255	63	8	6	14	ff3f	
fb1f_35da	13786	2401	193	198	5	0	2	251	31	7	5	12	fb1f	
7f1f_369c	13980	2401	195		112	18	2032	127	31	7	5	12	7f1f	
7f1e_6a13	27155	13980	302		5	1	5	127	30	7	4	11	7f1e	
ff17_377d	14205	2401	197	225	28	0	109	255	23	8	4	12	ff17	
ff1d_378e	14222	2401	197	271	74	0	824	255	29	8	4	12	ff1d	
ff1e_37e6	14310	2401	198	239	41	0	554	255	30	8	4	12	ff1e	
7f1f_381d	14365	2401	198	236	38	0	133	127	31	7	5	12	7f1f	
7f1f_38a4	14500	2401	199	238	39	0	226	127	31	7	5	12	7f1f	
ff1e_394d	14669	2401	201	272	71	0	747	255	30	8	4	12	ff1e	
ff1b_39b4	14772	2401	202		105	9	921	255	27	8	4	12	ff1b	
ff19_6262	25186	14772	285		22	10	104	255	25	8	3	11	ff19	
ff17_3a56	14934	2401	203	235	32	0	125	255	23	8	4	12	ff17	
ff1b_3a5d	14941	2401	203	246	43	0	266	255	27	8	4	12	ff1b	
fff_3a8c	14988	2401	203		104	136	3861	255	15	8	4	12	fff	
7ff_5786	22406	14988	263	265	2	0	2	127	15	7	4	11	7ff	
7ff_639d	25501	14988	287		20	5	74	127	15	7	4	11	7ff	
ff7_682d	26669	14988	297	304	7	0	14	255	7	8	3	11	ff7	
ff8f_6c2d	27693	14988	306		1	1	2	255	143	8	5	13	ff8f	
7ff_6c55	27733	14988	306		1	1	1	127	15	7	4	11	7ff	
fd1f_3aa6	15014	2401	203	204	1	0	1	253	31	7	5	12	fd1f	
ff1d_3ad9	15065	2401	204	215	11	0	28	255	29	8	4	12	ff1d	
ff1b_3aef	15087	2401	204	206	2	0	3	255	27	8	4	12	ff1b	
fff_3b5e	15198	2401	205		102	121	3803	255	15	8	4	12	fff	
ff2f_6bc1	27585	15198	305		2	4	4	255	47	8	5	13	ff2f	
ff17_3b69	15209	2401	205		102	202	5513	255	23	8	4	12	ff17	
df17_44c1	17601	15209	225	229	4	0	1	223	23	7	4	11	df17	
ff1f_4d9e	19870	15209	243	243	0	0	1	255	31	8	5	13	ff1f	
ff15_50b0	20656	15209	249		58	12	750	255	21	8	3	11	ff15	
fb15_6b8a	27530	20656	305		2	1	4	251	21	7	3	10	fb15	
ff16_5a03	23043	15209	268	306	38	0	194	255	22	8	3	11	ff16	
ff16_6bba	27578	15209	305		2	1	1	255	22	8	3	11	ff16	
ff13_6bd4	27604	15209	305		2	1	1	255	19	8	3	11	ff13	
ff13_6be3	27619	15209	305		2	2	3	255	19	8	3	11	ff13	
fff_3b9c	15260	2401	205	216	11	0	14	255	15	8	4	12	fff	
ff1d_3cc5	15557	2401	208	228	20	0	112	255	29	8	4	12	ff1d	
ff1e_3cdd	15581	2401	208		99	37	2776	255	30	8	4	12	ff1e	
ffe_4df1	19953	15581	243		64	173	2976	255	14	8	3	11	ffe	
ffc_6764	26468	19953	296		11	5	35	255	12	8	2	10	ffc	
ffc_6a3a	27194	19953	302		5	6	15	255	12	8	2	10	ffc	
fde_6c05	27653	19953	306		1	1	1	253	14	7	3	10	fde	
ff16_6a28	27176	15581	302		5	1	5	255	22	8	3	11	ff16	
df1e_6bb0	27568	15581	305		2	1	1	223	30	7	4	11	df1e	
ff1d_3d32	15666	2401	209	246	37	0	122	255	29	8	4	12	ff1d	
fff_3d8e	15758	2401	209	307	98	0	2096	255	15	8	4	12	fff	
fff_3de0	15840	2401	210	244	34	0	172	255	15	8	4	12	fff	
ff5f_3e24	15908	2401	211	242	31	0	126	255	95	8	6	14	ff5f	
7f1f_3e70	15984	2401	211	250	39	0	161	127	31	7	5	12	7f1f	
5f1f_48c8	18632	15984	233		74	23	1584	95	31	6	5	11	5f1f	
ff17_3ee4	16100	2401	212	258	46	0	252	255	23	8	4	12	ff17	
ff1e_3f1d	16157	2401	213		94	6	785	255	30	8	4	12	ff1e	
ff17_3f4d	16205	2401	213	225	12	0	41	255	23	8	4	12	ff17	
7f1f_408e	16526	2401	216	247	31	0	103	127	31	7	5	12	7f1f	
7f1f_40fd	16637	2401	216	270	54	0	374	127	31	7	5	12	7f1f	
ff5f_412e	16686	2401	217	223	6	0	8	255	95	8	6	14	ff5f	
fff_41ac	16812	2401	218		89	47	2136	255	15	8	4	12	fff	
ff1b_41fa	16890	2401	219	291	72	0	326	255	27	8	4	12	ff1b	
ff17_42db	17115	2401	220		87	3	1112	255	23	8	4	12	ff17	
ff57_52cc	21196	17115	253		54	1	291	255	87	8	5	13	ff57	
ff5f_42f6	17142	2401	221	249	28	0	173	255	95	8	6	14	ff5f	
7f1f_439c	17308	2401	222	294	72	0	713	127	31	7	5	12	7f1f	
ff1b_4563	17763	2401	226		81	294	7281	255	27	8	4	12	ff1b	
7f1b_5b57	23383	17763	271	286	15	0	50	127	27	7	4	11	7f1b	
7f1b_6762	26466	17763	296		11	1	30	127	27	7	4	11	7f1b	
7f9b_6a80	27264	26466	302		5	2	3	127	155	7	5	12	7f9b	
fd1b_694f	26959	17763	300		7	1	4	253	27	7	4	11	fd1b	
ff1f_6964	26980	17763	300		7	1	11	255	31	8	5	13	ff1f	
fd1b_6ae5	27365	17763	303		4	1	3	253	27	7	4	11	fd1b	
ff5b_6b0e	27406	17763	304		3	4	10	255	91	8	5	13	ff5b	
ff19_6b6a	27498	17763	304		3	1	4	255	25	8	3	11	ff19	
fb1b_6b7a	27514	17763	305		2	1	1	251	27	7	4	11	fb1b	
ff1f_6c3b	27707	17763	306		1	1	1	255	31	8	5	13	ff1f	
f71b_6c41	27713	17763	306		1	1	1	247	27	7	4	11	f71b	
ff1f_6c4d	27725	17763	306		1	3	3	255	31	8	5	13	ff1f	
fff_457b	17787	2401	226	277	51	0	203	255	15	8	4	12	fff	
ff1e_45b7	17847	2401	226	231	5	0	4	255	30	8	4	12	ff1e	
fff_46aa	18090	2401	228		79	7	482	255	15	8	4	12	fff	
ff1e_4718	18200	2401	229		78	5	888	255	30	8	4	12	ff1e	
fd1f_47f1	18417	2401	231	234	3	0	2	253	31	7	5	12	fd1f	
ff17_486e	18542	2401	232		75	22	1379	255	23	8	4	12	ff17	
ff1b_4922	18722	2401	233	271	38	0	150	255	27	8	4	12	ff1b	
7f1f_4dbc	19900	2401	243	283	40	0	150	127	31	7	5	12	7f1f	
3f1f_5c70	23664	19900	273		34	35	483	63	31	6	5	11	3f1f	
3f5f_67b2	26546	23664	296		11	1	41	63	95	6	6	12	3f5f	
7f1f_4e4a	20042	2401	244	254	10	0	16	127	31	7	5	12	7f1f	
ff1d_4ec2	20162	2401	245	278	33	0	68	255	29	8	4	12	ff1d	
ff3d_55ac	21932	20162	259	292	33	0	268	255	61	8	5	13	ff3d	
fff_4f66	20326	2401	246	300	54	0	126	255	15	8	4	12	fff	
ff3f_4f8d	20365	2401	247	289	42	0	196	255	63	8	6	14	ff3f	
fff_50b3	20659	2401	249		58	25	776	255	15	8	4	12	fff	
ff1d_5108	20744	2401	250		57	15	290	255	29	8	4	12	ff1d	
ff5d_6bfb	27643	20744	306		1	2	2	255	93	8	5	13	ff5d	
ff5f_5119	20761	2401	250	253	3	0	2	255	95	8	6	14	ff5f	
7f1f_51fc	20988	2401	252	303	51	0	255	127	31	7	5	12	7f1f	
ff1d_53b2	21426	2401	255	289	34	0	104	255	29	8	4	12	ff1d	
f71f_53f7	21495	2401	256	265	9	0	6	247	31	7	5	12	f71f	
fff_547f	21631	2401	257		50	15	339	255	15	8	4	12	fff	
ff7_6924	26916	21631	300		7	1	6	255	7	8	3	11	ff7	
fff_5516	21782	2401	258	279	21	0	117	255	15	8	4	12	fff	
ff1e_561f	22047	2401	260		47	4	358	255	30	8	4	12	ff1e	
7f1f_570e	22286	2401	262	291	29	0	105	127	31	7	5	12	7f1f	
7f1e_5a94	23188	22286	269	283	14	0	23	127	30	7	4	11	7f1e	
ff3f_581a	22554	2401	264	292	28	0	111	255	63	8	6	14	ff3f	
ff1d_586d	22637	2401	265	271	6	0	2	255	29	8	4	12	ff1d	
ff5d_5921	22817	22637	266		41	3	133	255	93	8	5	13	ff5d	
ff5f_59d8	23000	2401	268	279	11	0	10	255	95	8	6	14	ff5f	
ff5e_5f30	24368	23000	279		28	6	86	255	94	8	5	13	ff5e	
bf1f_5af8	23288	2401	270	284	14	0	16	191	31	7	5	12	bf1f	
ff17_5ca5	23717	2401	273		34	30	690	255	23	8	4	12	ff17	
ff1b_5f8c	24460	2401	279		28	38	424	255	27	8	4	12	ff1b	
7f1f_60e3	24803	2401	282		25	8	108	127	31	7	5	12	7f1f	
7f17_6c18	27672	24803	306		1	1	2	127	23	7	4	11	7f17	
ff1d_6203	25091	2401	284		23	5	51	255	29	8	4	12	ff1d	
ff1b_625e	25182	2401	285		22	18	185	255	27	8	4	12	ff1b	
ff3b_69a2	27042	25182	301		6	1	8	255	59	8	5	13	ff3b	
fff_6272	25202	2401	285		22	2	84	255	15	8	4	12	fff	
ff1d_63ad	25517	2401	288		19	16	122	255	29	8	4	12	ff1d	
ff1b_63e4	25572	2401	288		19	31	114	255	27	8	4	12	ff1b	
ef1f_6513	25875	2401	291	295	4	0	3	239	31	7	5	12	ef1f	
ff5f_652c	25900	2401	291		16	1	18	255	95	8	6	14	ff5f	
fd5f_69d7	27095	25900	301		6	1	3	253	95	7	6	13	fd5f	
ff1e_6560	25952	2401	291		16	8	46	255	30	8	4	12	ff1e	
ff17_65e1	26081	2401	292		15	15	58	255	23	8	4	12	ff17	
ff17_65ea	26090	2401	292		15	6	110	255	23	8	4	12	ff17	
ff1e_66cf	26319	2401	294		13	7	58	255	30	8	4	12	ff1e	
ff3f_6809	26633	2401	297		10	2	47	255	63	8	6	14	ff3f	
ff1d_6854	26708	2401	298		9	1	41	255	29	8	4	12	ff1d	
ff1d_6869	26729	2401	298		9	8	20	255	29	8	4	12	ff1d	
ff1b_6920	26912	2401	299		8	2	12	255	27	8	4	12	ff1b	
ff1e_697f	27007	2401	300		7	3	13	255	30	8	4	12	ff1e	
f71f_699e	27038	2401	301		6	1	2	247	31	7	5	12	f71f	
bf1f_69bd	27069	2401	301		6	1	3	191	31	7	5	12	bf1f	
7f1f_6a1d	27165	2401	302		5	1	10	127	31	7	5	12	7f1f	
ff1e_6a20	27168	2401	302		5	2	5	255	30	8	4	12	ff1e	
df1f_6acc	27340	2401	303		4	2	3	223	31	7	5	12	df1f	
fff_6ad7	27351	2401	303		4	8	18	255	15	8	4	12	fff	
7f1f_6afb	27387	2401	303		4	4	6	127	31	7	5	12	7f1f	
fff_6b0a	27402	2401	304		3	1	4	255	15	8	4	12	fff	
ff1b_6b12	27410	2401	304		3	1	6	255	27	8	4	12	ff1b	
ff9f_6b22	27426	2401	304		3	1	6	255	159	8	6	14	ff9f	
fd1f_6b35	27445	2401	304		3	1	2	253	31	7	5	12	fd1f	
ff1b_6b4e	27470	2401	304		3	4	7	255	27	8	4	12	ff1b	
ef1f_6b4f	27471	2401	304		3	2	2	239	31	7	5	12	ef1f	
fe1f_6b58	27480	2401	304		3	1	2	254	31	7	5	12	fe1f	
f71f_6b89	27529	2401	305		2	2	2	247	31	7	5	12	f71f	
ef1f_6bb2	27570	2401	305		2	2	2	239	31	7	5	12	ef1f	
bf1f_6bc7	27591	2401	305		2	2	4	191	31	7	5	12	bf1f	
ff5f_6bc9	27593	2401	305		2	1	1	255	95	8	6	14	ff5f	
ff5f_6bf0	27632	2401	306		1	3	3	255	95	8	6	14	ff5f	
fd1f_6c38	27704	2401	306		1	1	1	253	31	7	5	12	fd1f	
ff5f_6c46	27718	2401	306		1	1	1	255	95	8	6	14	ff5f	
ff1d_6c4a	27722	2401	306		1	1	3	255	29	8	4	12	ff1d	
ff17_6c59	27737	2401	306		1	2	2	255	23	8	4	12	ff17	
ff17_6c6b	27755	2401	307		0	1	1	255	23	8	4	12	ff17	
7f1f_6c6e	27758	2401	307		0	1	1	127	31	7	5	12	7f1f	
ff1d_6c76	27766	2401	307		0	1	2	255	29	8	4	12	ff1d	
df1f_6c7a	27770	2401	307		0	1	1	223	31	7	5	12	df1f	
f71f_6c7f	27775	2401	307		0	1	1	247	31	7	5	12	f71f	
ff3f_6c91	27793	2401	307		0	1	1	255	63	8	6	14	ff3f	
ff1e_6c96	27798	2401	307		0	1	1	255	30	8	4	12	ff1e	
fd1f_6ca9	27817	2401	307		0	1	1	253	31	7	5	12	fd1f	
ef1f_6cb6	27830	2401	307		0	1	1	239	31	7	5	12	ef1f	
fb1f_6cc4	27844	2401	307		0	1	1	251	31	7	5	12	fb1f	
ef1f_6cca	27850	2401	307		0	1	1	239	31	7	5	12	ef1f	
fd1f_6cd2	27858	2401	307		0	1	1	253	31	7	5	12	fd1f	
ef1f_6cd9	27865	2401	307		0	1	1	239	31	7	5	12	ef1f	
ff3b_af0	2800	1251	79	252	173	0	3970	255	59	8	5	13	ff3b	
ff1b_2318	8984	2800	151		156	130	7961	255	27	8	4	12	ff1b	
ff3b_4e82	20098	8984	245	256	11	0	30	255	59	8	5	13	ff3b	
ff13_572d	22317	8984	262	269	7	0	6	255	19	8	3	11	ff13	
ffb_5b21	23329	8984	270	280	10	0	12	255	11	8	3	11	ffb	
f7b_5be4	23524	23329	272	275	3	0	3	247	11	7	3	10	f7b	
7f1b_6756	26454	8984	295		12	2	29	127	27	7	4	11	7f1b	
ff1a_6a59	27225	8984	302		5	4	7	255	26	8	3	11	ff1a	
ff5b_6c9d	27805	8984	307		0	1	1	255	91	8	5	13	ff5b	
ff9b_6cbb	27835	8984	307		0	1	1	255	155	8	5	13	ff9b	
ff2b_3007	12295	2800	181	220	39	0	172	255	43	8	4	12	ff2b	
ff3e_df5	3573	1251	88	229	141	0	5336	255	62	8	5	13	ff3e	
7f3e_1a16	6678	3573	125	204	79	0	525	127	62	7	5	12	7f3e	
773e_2af3	10995	6678	170	228	58	0	268	119	62	6	5	11	773e	
373e_3678	13944	10995	195		112	49	7680	55	62	5	5	10	373e	
363e_4c20	19488	13944	240	286	46	0	261	54	62	4	5	9	363e	
353e_4faf	20399	13944	247	305	58	0	368	53	62	4	5	9	353e	
173e_5224	21028	13944	252	279	27	0	108	23	62	4	5	9	173e	
353e_66cc	26316	13944	294		13	10	75	53	62	4	5	9	353e	
372e_67fa	26618	13944	297		10	19	86	55	46	5	4	9	372e	
3736_6a8e	27278	13944	303		4	4	19	55	54	5	4	9	3736	
371e_6c52	27730	13944	306		1	2	3	55	30	5	4	9	371e	
ef3e_2375	9077	3573	152	158	6	0	4	239	62	7	5	12	ef3e	
ff3a_2a86	10886	3573	169	171	2	0	2	255	58	8	4	12	ff3a	
fe3e_3619	13849	3573	194	211	17	0	14	254	62	7	5	12	fe3e	
ff37_1582	5506	1251	110	242	132	0	6787	255	55	8	5	13	ff37	
ff33_24f7	9463	5506	156	227	71	0	338	255	51	8	4	12	ff33	
ff3f_2f14	12052	5506	179	238	59	0	189	255	63	8	6	14	ff3f	
ff7f_1824	6180	1251	119	146	27	0	148	255	127	8	7	15	ff7f	
7f3f_1ab3	6835	1251	127	282	155	0	4579	127	63	7	6	13	7f3f	
7f3e_3b4c	15180	6835	205	231	26	0	201	127	62	7	5	12	7f3e	
7b3f_4b6a	19306	6835	238	270	32	0	171	123	63	6	6	12	7b3f	
7f3f_1b0f	6927	1251	128	171	43	0	247	127	63	7	6	13	7f3f	
ff3d_1b8c	7052	1251	130	151	21	0	107	255	61	8	5	13	ff3d	
ff3b_1db8	7608	1251	136	203	67	0	948	255	59	8	5	13	ff3b	
ff3d_20ac	8364	1251	145	177	32	0	260	255	61	8	5	13	ff3d	
ff2f_24b2	9394	1251	155		152	9	4219	255	47	8	5	13	ff2f	
ff2d_3356	13142	9394	188	256	68	0	871	255	45	8	4	12	ff2d	
ff37_24de	9438	1251	156	180	24	0	106	255	55	8	5	13	ff37	
ff37_251e	9502	1251	156	188	32	0	102	255	55	8	5	13	ff37	
ff3e_27e4	10212	1251	163	181	18	0	26	255	62	8	5	13	ff3e	
ff3d_2999	10649	1251	167	219	52	0	155	255	61	8	5	13	ff3d	
ff37_2b0a	11018	1251	170	207	37	0	294	255	55	8	5	13	ff37	
ff1f_35f6	13814	1251	194	228	34	0	129	255	31	8	5	13	ff1f	
ff3d_3983	14723	1251	201	241	40	0	266	255	61	8	5	13	ff3d	
ff3d_3dc0	15808	1251	210	223	13	0	25	255	61	8	5	13	ff3d	
ef3f_42e8	17128	1251	221	223	2	0	2	239	63	7	6	13	ef3f	
fe7f_56e	1390	559	61	111	50	0	183	254	127	7	7	14	fe7f	
f77f_6ab	1707	559	66	102	36	0	116	247	127	7	7	14	f77f	
7f7f_9af	2479	559	76	93	17	0	59	127	127	7	7	14	7f7f	
7f6f_f0d	3853	2479	91	240	149	0	2771	127	111	7	6	13	7f6f	
7e6f_2368	9064	3853	152	180	28	0	125	126	111	6	6	12	7e6f	
ff6f_9d0	2512	559	76	108	32	0	127	255	111	8	6	14	ff6f	
fe7f_fe8	4072	559	94	132	38	0	104	254	127	7	7	14	fe7f	
7e7f_1041	4161	4072	95	265	170	0	3324	126	127	6	7	13	7e7f	
6e7f_1dbb	7611	4161	137	172	35	0	206	110	127	5	7	12	6e7f	
6e3f_2876	10358	7611	165	206	41	0	275	110	63	5	6	11	6e3f	
7c7f_28d9	10457	4161	165	184	19	0	56	124	127	5	7	12	7c7f	
7f7f_10cf	4303	559	97	192	95	0	1246	127	127	7	7	14	7f7f	
ff3f_11ed	4589	559	100	149	49	0	543	255	63	8	6	14	ff3f	
ff6f_1b24	6948	559	128	129	1	0	1	255	111	8	6	14	ff6f	
feff_23f	575	1	44	83	39	0	335	254	255	7	8	15	feff	
efff_243	579	1	44	69	25	0	148	239	255	7	8	15	efff	
fbff_249	585	1	44	76	32	0	201	251	255	7	8	15	fbff	
fb7f_38e	910	585	52	109	57	0	484	251	127	7	7	14	fb7f	
f3ff_3ec	1004	585	53	127	74	0	416	243	255	6	8	14	f3ff	
fdff_24b	587	1	44	97	53	0	270	253	255	7	8	15	fdff	
fffb_24f	591	1	44	65	21	0	29	255	251	8	7	15	fffb	
fbff_256	598	1	44	87	43	0	126	251	255	7	8	15	fbff	
ffef_25a	602	1	45	50	5	0	4	255	239	8	7	15	ffef	
efff_266	614	1	45	90	45	0	233	239	255	7	8	15	efff	
feff_277	631	1	45	112	67	0	567	254	255	7	8	15	feff	
dfff_27d	637	1	45	76	31	0	127	223	255	7	8	15	dfff	
ff7f_29c	668	1	46	202	156	0	5551	255	127	8	7	15	ff7f	
ff7b_4b4	1204	668	57	220	163	0	3032	255	123	8	6	14	ff7b	
ff6b_1288	4744	1204	101	128	27	0	133	255	107	8	5	13	ff6b	
df7f_e70	3696	668	90	92	2	0	2	223	127	7	7	14	df7f	
ff7e_1165	4453	668	98	156	58	0	489	255	126	8	6	14	ff7e	
7f7f_163c	5692	668	112	275	163	0	6043	127	127	7	7	14	7f7f	
7f7e_1af7	6903	5692	128	189	61	0	488	127	126	7	6	13	7f7e	
7d7f_29b8	10680	5692	167	206	39	0	158	125	127	6	7	13	7d7f	
7f3f_2ad2	10962	5692	170	171	1	0	2	127	63	7	6	13	7f3f	
7f7f_1850	6224	668	119	147	28	0	148	127	127	7	7	14	7f7f	
ffdf_2ad	685	1	47	77	30	0	111	255	223	8	7	15	ffdf	
ffef_2bb	699	1	47	92	45	0	149	255	239	8	7	15	ffef	
fdff_2bf	703	1	47	128	81	0	1781	253	255	7	8	15	fdff	
efff_2cb	715	1	47	82	35	0	201	239	255	7	8	15	efff	
ff7f_2d0	720	1	47	91	44	0	102	255	127	8	7	15	ff7f	
fbff_2dc	732	1	48	51	3	0	3	251	255	7	8	15	fbff	
dbff_2ff	767	732	49	61	12	0	22	219	255	6	8	14	dbff	
dfff_2e0	736	1	48	111	63	0	191	223	255	7	8	15	dfff	
bfff_2ee	750	1	48	55	7	0	6	191	255	7	8	15	bfff	
f7ff_2f8	760	1	48	53	5	0	3	247	255	7	8	15	f7ff	
bfff_302	770	1	49	52	3	0	6	191	255	7	8	15	bfff	
ff7f_30d	781	1	49	157	108	0	7913	255	127	8	7	15	ff7f	
ff5f_b35	2869	781	80	205	125	0	3188	255	95	8	6	14	ff5f	
f75f_e87	3719	2869	90	128	38	0	151	247	95	7	6	13	f75f	
775f_fc0	4032	3719	93	136	43	0	261	119	95	6	6	12	775f	
ff1f_1638	5688	2869	112		195	309	43602	255	31	8	5	13	ff1f	
ff1b_301f	12319	5688	181		126	31	5268	255	27	8	4	12	ff1b	
ff13_4024	16420	12319	215	215	0	0	1	255	19	8	3	11	ff13	
7f1b_571d	22301	12319	262	291	29	0	105	127	27	7	4	11	7f1b	
fe1b_69e4	27108	12319	301	306	5	0	4	254	27	7	4	11	fe1b	
fe1f_6b18	27416	27108	304		3	1	2	254	31	7	5	12	fe1f	
bf1f_3841	14401	5688	199	201	2	0	2	191	31	7	5	12	bf1f	
ff1b_3d64	15716	5688	209	264	55	0	316	255	27	8	4	12	ff1b	
ff5f_4197	16791	5688	218	225	7	0	6	255	95	8	6	14	ff5f	
ff5f_41c8	16840	5688	218	232	14	0	34	255	95	8	6	14	ff5f	
fff_436d	17261	5688	222	260	38	0	176	255	15	8	4	12	fff	
ff1b_4bf5	19445	5688	239		68	14	1112	255	27	8	4	12	ff1b	
f71b_6af7	27383	19445	303		4	1	2	247	27	7	4	11	f71b	
7f1f_503b	20539	5688	248	276	28	0	104	127	31	7	5	12	7f1f	
ff1d_5d8c	23948	5688	275		32	2	250	255	29	8	4	12	ff1d	
ff1b_669e	26270	5688	294		13	19	82	255	27	8	4	12	ff1b	
ff5f_67e4	26596	5688	297		10	2	21	255	95	8	6	14	ff5f	
ff5f_67eb	26603	5688	297		10	4	17	255	95	8	6	14	ff5f	
7f5f_6b5c	27484	26603	304		3	2	3	127	95	7	6	13	7f5f	
fff_6822	26658	5688	297		10	7	22	255	15	8	4	12	fff	
ff3f_6aad	27309	5688	303		4	1	8	255	63	8	6	14	ff3f	
df1f_6bcc	27596	5688	305		2	1	2	223	31	7	5	12	df1f	
fe1f_6c8e	27790	5688	307		0	1	1	254	31	7	5	12	fe1f	
ff1b_6ca4	27812	5688	307		0	1	1	255	27	8	4	12	ff1b	
fe1f_6cd6	27862	5688	307		0	1	1	254	31	7	5	12	fe1f	
ff57_26f2	9970	2869	161	204	43	0	279	255	87	8	5	13	ff57	
fd7f_b3f	2879	781	80	117	37	0	90	253	127	7	7	14	fd7f	
dd7f_fa5	4005	2879	93	98	5	0	9	221	127	6	7	13	dd7f	
ff7b_e34	3636	781	89	125	36	0	111	255	123	8	6	14	ff7b	
7f7f_f13	3859	781	92	145	53	0	263	127	127	7	7	14	7f7f	
ff7b_105a	4186	781	95	111	16	0	58	255	123	8	6	14	ff7b	
ff7b_118a	4490	781	99	101	2	0	2	255	123	8	6	14	ff7b	
fbff_316	790	1	49	109	60	0	434	251	255	7	8	15	fbff	
fbff_324	804	1	49	71	22	0	121	251	255	7	8	15	fbff	
f7ff_34d	845	1	50	93	43	0	165	247	255	7	8	15	f7ff	
ff7f_352	850	1	50	154	104	0	3354	255	127	8	7	15	ff7f	
fbff_369	873	1	51	122	71	0	965	251	255	7	8	15	fbff	
7bff_d35	3381	873	86	147	61	0	425	123	255	6	8	14	7bff	
ff7f_36a	874	1	51	135	84	0	461	255	127	8	7	15	ff7f	
7f7f_82a	2090	874	71	293	222	0	5978	127	127	7	7	14	7f7f	
7f3f_10fb	4347	2090	97	162	65	0	214	127	63	7	6	13	7f3f	
7d7f_11cd	4557	2090	99	187	88	0	1241	125	127	6	7	13	7d7f	
7d7d_16ed	5869	4557	114	152	38	0	219	125	125	6	6	12	7d7d	
7f7e_1525	5413	2090	109	136	27	0	129	127	126	7	6	13	7f7e	
7f3f_2b7b	11131	2090	171	219	48	0	184	127	63	7	6	13	7f3f	
3f7f_2dbc	11708	2090	176	178	2	0	3	63	127	6	7	13	3f7f	
7f7b_308d	12429	2090	182	191	9	0	20	127	123	7	6	13	7f7b	
dfff_37b	891	1	51	101	50	0	461	223	255	7	8	15	dfff	
f7ff_385	901	1	51	115	64	0	799	247	255	7	8	15	f7ff	
7fff_387	903	1	52	95	43	0	171	127	255	7	8	15	7fff	
fbff_38a	906	1	52	87	35	0	265	251	255	7	8	15	fbff	
fbef_69a	1690	906	66	98	32	0	120	251	239	7	7	14	fbef	
f7ff_38f	911	1	52	65	13	0	23	247	255	7	8	15	f7ff	
feff_398	920	1	52	83	31	0	117	254	255	7	8	15	feff	
ff7f_3a6	934	1	52	146	94	0	2302	255	127	8	7	15	ff7f	
f77f_1016	4118	934	95	135	40	0	122	247	127	7	7	14	f77f	
ff7f_3ae	942	1	52	173	121	0	1494	255	127	8	7	15	ff7f	
bfff_3bb	955	1	52	62	10	0	12	191	255	7	8	15	bfff	
fdff_3bd	957	1	53	122	69	0	983	253	255	7	8	15	fdff	
fdfd_598	1432	957	62	93	31	0	161	253	253	7	7	14	fdfd	
edff_11de	4574	957	100	104	4	0	8	237	255	6	8	14	edff	
ff7f_3c8	968	1	53	145	92	0	1658	255	127	8	7	15	ff7f	
ff7e_17e2	6114	968	118	164	46	0	202	255	126	8	6	14	ff7e	
feff_3ce	974	1	53	85	32	0	176	254	255	7	8	15	feff	
febf_72f	1839	974	68	73	5	0	8	254	191	7	7	14	febf	
ffbf_7ab	1963	1839	69	158	89	0	669	255	191	8	7	15	ffbf	
feff_3f4	1012	1	54	101	47	0	589	254	255	7	8	15	feff	
f7ff_3fe	1022	1	54	89	35	0	204	247	255	7	8	15	f7ff	
efff_407	1031	1	54	118	64	0	584	239	255	7	8	15	efff	
fdff_40b	1035	1	54	85	31	0	139	253	255	7	8	15	fdff	
ff7f_410	1040	1	54	151	97	0	1706	255	127	8	7	15	ff7f	
fe7f_aef	2799	1040	79	115	36	0	370	254	127	7	7	14	fe7f	
efff_426	1062	1	55	108	53	0	309	239	255	7	8	15	efff	
fdff_449	1097	1	55	125	70	0	1047	253	255	7	8	15	fdff	
dfff_44c	1100	1	56	114	58	0	608	223	255	7	8	15	dfff	
fdff_47f	1151	1	56	97	41	0	313	253	255	7	8	15	fdff	
ff7f_48d	1165	1	57	172	115	0	2617	255	127	8	7	15	ff7f	
ff3f_b30	2864	1165	80	126	46	0	169	255	63	8	6	14	ff3f	
ff7f_491	1169	1	57	167	110	0	4879	255	127	8	7	15	ff7f	
ef7f_6c4	1732	1169	66	128	62	0	719	239	127	7	7	14	ef7f	
7f7f_124d	4685	1169	101	174	73	0	598	127	127	7	7	14	7f7f	
6f7f_19d1	6609	4685	124	125	1	0	2	111	127	6	7	13	6f7f	
fbff_4af	1199	1	57	105	48	0	325	251	255	7	8	15	fbff	
ff7f_4b2	1202	1	57	148	91	0	1748	255	127	8	7	15	ff7f	
ff3f_bb4	2996	1202	82	83	1	0	1	255	63	8	6	14	ff3f	
ff7e_179f	6047	1202	117	135	18	0	24	255	126	8	6	14	ff7e	
efff_4ca	1226	1	58	87	29	0	57	239	255	7	8	15	efff	
ef7f_7c8	1992	1226	70	108	38	0	143	239	127	7	7	14	ef7f	
fbff_4cb	1227	1	58	107	49	0	385	251	255	7	8	15	fbff	
efff_4e0	1248	1	58	59	1	0	1	239	255	7	8	15	efff	
feff_4e9	1257	1	58	116	58	0	202	254	255	7	8	15	feff	
dfff_4fb	1275	1	59	105	46	0	120	223	255	7	8	15	dfff	
fbff_4fe	1278	1	59	97	38	0	211	251	255	7	8	15	fbff	
dfff_517	1303	1	59	84	25	0	101	223	255	7	8	15	dfff	
efff_520	1312	1	59	100	41	0	114	239	255	7	8	15	efff	
ffef_537	1335	1	60	76	16	0	33	255	239	8	7	15	ffef	
dfff_54a	1354	1	60	80	20	0	65	223	255	7	8	15	dfff	
bfff_562	1378	1	61	84	23	0	105	191	255	7	8	15	bfff	
7fff_5a4	1444	1	62	129	67	0	259	127	255	7	8	15	7fff	
ff7f_5a9	1449	1	62	162	100	0	8970	255	127	8	7	15	ff7f	
ff7d_a1f	2591	1449	77	119	42	0	183	255	125	8	6	14	ff7d	
7f7f_de7	3559	1449	88	126	38	0	126	127	127	7	7	14	7f7f	
fd7f_f35	3893	1449	92	106	14	0	24	253	127	7	7	14	fd7f	
7d7f_10dc	4316	3893	97	222	125	0	3433	125	127	6	7	13	7d7f	
7d7e_1eb0	7856	4316	139	165	26	0	125	125	126	6	6	12	7d7e	
797f_2409	9225	4316	154	190	36	0	126	121	127	5	7	12	797f	
ff7d_fd4	4052	1449	94	117	23	0	104	255	125	8	6	14	ff7d	
f77f_11fe	4606	1449	100	104	4	0	5	247	127	7	7	14	f77f	
7f7f_137c	4988	1449	104	125	21	0	121	127	127	7	7	14	7f7f	
ff6f_177d	6013	1449	116	143	27	0	102	255	111	8	6	14	ff6f	
ffbf_5aa	1450	1	62	108	46	0	224	255	191	8	7	15	ffbf	
efff_5e3	1507	1	63	117	54	0	703	239	255	7	8	15	efff	
fff7_5fd	1533	1	64	84	20	0	49	255	247	8	7	15	fff7	
fdff_606	1542	1	64	118	54	0	386	253	255	7	8	15	fdff	
fbff_61d	1565	1	64	113	49	0	777	251	255	7	8	15	fbff	
feff_62f	1583	1	64	89	25	0	78	254	255	7	8	15	feff	
fdff_636	1590	1	65	79	14	0	55	253	255	7	8	15	fdff	
ff7f_644	1604	1	65	129	64	0	726	255	127	8	7	15	ff7f	
fffb_64f	1615	1	65	69	4	0	4	255	251	8	7	15	fffb	
7fff_658	1624	1	65	126	61	0	375	127	255	7	8	15	7fff	
ffdf_68f	1679	1	66	133	67	0	257	255	223	8	7	15	ffdf	
fff7_717	1815	1	67	69	2	0	1	255	247	8	7	15	fff7	
fbff_73c	1852	1	68	84	16	0	49	251	255	7	8	15	fbff	
ff7f_740	1856	1	68	115	47	0	207	255	127	8	7	15	ff7f	
7fff_762	1890	1	68	136	68	0	590	127	255	7	8	15	7fff	
7fef_13ea	5098	1890	105	147	42	0	232	127	239	7	7	14	7fef	
7fff_77a	1914	1	69	114	45	0	207	127	255	7	8	15	7fff	
ff7f_7a5	1957	1	69	153	84	0	699	255	127	8	7	15	ff7f	
ff7e_13b9	5049	1957	104	107	3	0	1	255	126	8	6	14	ff7e	
7f7e_148f	5263	5049	107	130	23	0	99	127	126	7	6	13	7f7e	
fdff_7c7	1991	1	70	107	37	0	108	253	255	7	8	15	fdff	
bfff_7d0	2000	1	70	72	2	0	3	191	255	7	8	15	bfff	
fdff_804	2052	1	70	119	49	0	169	253	255	7	8	15	fdff	
7fff_822	2082	1	71	113	42	0	216	127	255	7	8	15	7fff	
ffbf_83b	2107	1	71	109	38	0	270	255	191	8	7	15	ffbf	
fbff_8a5	2213	1	72	103	31	0	236	251	255	7	8	15	fbff	
bfff_8d5	2261	1	73	107	34	0	205	191	255	7	8	15	bfff	
7fff_8df	2271	1	73	140	67	0	1332	127	255	7	8	15	7fff	
feff_8fc	2300	1	74	116	42	0	127	254	255	7	8	15	feff	
7fff_903	2307	1	74	102	28	0	152	127	255	7	8	15	7fff	
fbff_945	2373	1	75	114	39	0	276	251	255	7	8	15	fbff	
ff7f_993	2451	1	75	88	13	0	23	255	127	8	7	15	ff7f	
ffbf_9b1	2481	1	76	113	37	0	191	255	191	8	7	15	ffbf	
efff_9fe	2558	1	77	105	28	0	190	239	255	7	8	15	efff	
dfff_a07	2567	1	77	108	31	0	400	223	255	7	8	15	dfff	
7fff_a34	2612	1	77	126	49	0	431	127	255	7	8	15	7fff	
ff7f_a7b	2683	1	78	115	37	0	165	255	127	8	7	15	ff7f	
fdff_a98	2712	1	78	116	38	0	211	253	255	7	8	15	fdff	
fbff_b3c	2876	1	80	108	28	0	140	251	255	7	8	15	fbff	
7bff_cef	3311	2876	85	93	8	0	15	123	255	6	8	14	7bff	
6bff_f5e	3934	3311	92	134	42	0	471	107	255	5	8	13	6bff	
